# JRE version: OpenJDK Runtime Environment (8.0_66-b17) (build 1.8.0_66-internal-b17)
# Java VM: OpenJDK 64-Bit Server VM (25.66-b17 mixed mode linux-amd64 compressed oops)
Heap:
 PSYoungGen      total 305664K, used 103984K [0x00000000eab00000, 0x0000000100000000, 0x0000000100000000)
  eden space 262144K, 39% used [0x00000000eab00000,0x00000000f108c0b0,0x00000000fab00000)
  from space 43520K, 0% used [0x00000000fab00000,0x00000000fab00000,0x00000000fd580000)
  to   space 43520K, 0% used [0x00000000fd580000,0x00000000fd580000,0x0000000100000000)
 ParOldGen       total 699392K, used 28280K [0x00000000c0000000, 0x00000000eab00000, 0x00000000eab00000)
  object space 699392K, 4% used [0x00000000c0000000,0x00000000c1b9e0c0,0x00000000eab00000)
 Metaspace       used 65570K, capacity 66084K, committed 66344K, reserved 1103872K
  class space    used 11999K, capacity 12202K, committed 12328K, reserved 1048576K
GC Heap History (10 events):
Event: 6.331 GC heap before
{Heap before GC invocations=4 (full 2):
 PSYoungGen      total 305664K, used 15220K [0x00000000eab00000, 0x0000000100000000, 0x0000000100000000)
  eden space 262144K, 0% used [0x00000000eab00000,0x00000000eab00000,0x00000000fab00000)
  from space 43520K, 34% used [0x00000000fd580000,0x00000000fe45d360,0x0000000100000000)
  to   space 43520K, 0% used [0x00000000fab00000,0x00000000fab00000,0x00000000fd580000)
 ParOldGen       total 699392K, used 14867K [0x00000000c0000000, 0x00000000eab00000, 0x00000000eab00000)
  object space 699392K, 2% used [0x00000000c0000000,0x00000000c0e84db8,0x00000000eab00000)
 Metaspace       used 35151K, capacity 35440K, committed 35496K, reserved 1079296K
  class space    used 6204K, capacity 6304K, committed 6312K, reserved 1048576K
Event: 6.432 GC heap after
Heap after GC invocations=4 (full 2):
 PSYoungGen      total 305664K, used 0K [0x00000000eab00000, 0x0000000100000000, 0x0000000100000000)
  eden space 262144K, 0% used [0x00000000eab00000,0x00000000eab00000,0x00000000fab00000)
  from space 43520K, 0% used [0x00000000fd580000,0x00000000fd580000,0x0000000100000000)
  to   space 43520K, 0% used [0x00000000fab00000,0x00000000fab00000,0x00000000fd580000)
 ParOldGen       total 699392K, used 18223K [0x00000000c0000000, 0x00000000eab00000, 0x00000000eab00000)
  object space 699392K, 2% used [0x00000000c0000000,0x00000000c11cbeb0,0x00000000eab00000)
 Metaspace       used 35147K, capacity 35428K, committed 35496K, reserved 1079296K
  class space    used 6203K, capacity 6300K, committed 6312K, reserved 1048576K
}
Event: 10.713 GC heap before
{Heap before GC invocations=5 (full 2):
 PSYoungGen      total 305664K, used 262144K [0x00000000eab00000, 0x0000000100000000, 0x0000000100000000)
  eden space 262144K, 100% used [0x00000000eab00000,0x00000000fab00000,0x00000000fab00000)
  from space 43520K, 0% used [0x00000000fd580000,0x00000000fd580000,0x0000000100000000)
  to   space 43520K, 0% used [0x00000000fab00000,0x00000000fab00000,0x00000000fd580000)
 ParOldGen       total 699392K, used 18223K [0x00000000c0000000, 0x00000000eab00000, 0x00000000eab00000)
  object space 699392K, 2% used [0x00000000c0000000,0x00000000c11cbeb0,0x00000000eab00000)
 Metaspace       used 43884K, capacity 44310K, committed 44584K, reserved 1085440K
  class space    used 8060K, capacity 8197K, committed 8232K, reserved 1048576K
Event: 10.865 GC heap after
Heap after GC invocations=5 (full 2):
 PSYoungGen      total 305664K, used 43508K [0x00000000eab00000, 0x0000000100000000, 0x0000000100000000)
  eden space 262144K, 0% used [0x00000000eab00000,0x00000000eab00000,0x00000000fab00000)
  from space 43520K, 99% used [0x00000000fab00000,0x00000000fd57d168,0x00000000fd580000)
  to   space 43520K, 0% used [0x00000000fd580000,0x00000000fd580000,0x0000000100000000)
 ParOldGen       total 699392K, used 22615K [0x00000000c0000000, 0x00000000eab00000, 0x00000000eab00000)
  object space 699392K, 3% used [0x00000000c0000000,0x00000000c1615fc0,0x00000000eab00000)
 Metaspace       used 43884K, capacity 44310K, committed 44584K, reserved 1085440K
  class space    used 8060K, capacity 8197K, committed 8232K, reserved 1048576K
}
Event: 17.557 GC heap before
{Heap before GC invocations=6 (full 2):
 PSYoungGen      total 305664K, used 305652K [0x00000000eab00000, 0x0000000100000000, 0x0000000100000000)
  eden space 262144K, 100% used [0x00000000eab00000,0x00000000fab00000,0x00000000fab00000)
  from space 43520K, 99% used [0x00000000fab00000,0x00000000fd57d168,0x00000000fd580000)
  to   space 43520K, 0% used [0x00000000fd580000,0x00000000fd580000,0x0000000100000000)
 ParOldGen       total 699392K, used 22615K [0x00000000c0000000, 0x00000000eab00000, 0x00000000eab00000)
  object space 699392K, 3% used [0x00000000c0000000,0x00000000c1615fc0,0x00000000eab00000)
 Metaspace       used 53718K, capacity 54248K, committed 54440K, reserved 1093632K
  class space    used 10383K, capacity 10575K, committed 10664K, reserved 1048576K
Event: 17.874 GC heap after
Heap after GC invocations=6 (full 2):
 PSYoungGen      total 305664K, used 43495K [0x00000000eab00000, 0x0000000100000000, 0x0000000100000000)
  eden space 262144K, 0% used [0x00000000eab00000,0x00000000eab00000,0x00000000fab00000)
  from space 43520K, 99% used [0x00000000fd580000,0x00000000ffff9d38,0x0000000100000000)
  to   space 43520K, 0% used [0x00000000fab00000,0x00000000fab00000,0x00000000fd580000)
 ParOldGen       total 699392K, used 57247K [0x00000000c0000000, 0x00000000eab00000, 0x00000000eab00000)
  object space 699392K, 8% used [0x00000000c0000000,0x00000000c37e7ec8,0x00000000eab00000)
 Metaspace       used 53718K, capacity 54248K, committed 54440K, reserved 1093632K
  class space    used 10383K, capacity 10575K, committed 10664K, reserved 1048576K
}
Event: 30.133 GC heap before
{Heap before GC invocations=7 (full 2):
 PSYoungGen      total 305664K, used 163247K [0x00000000eab00000, 0x0000000100000000, 0x0000000100000000)
  eden space 262144K, 45% used [0x00000000eab00000,0x00000000f1ff2238,0x00000000fab00000)
  from space 43520K, 99% used [0x00000000fd580000,0x00000000ffff9d38,0x0000000100000000)
  to   space 43520K, 0% used [0x00000000fab00000,0x00000000fab00000,0x00000000fd580000)
 ParOldGen       total 699392K, used 57247K [0x00000000c0000000, 0x00000000eab00000, 0x00000000eab00000)
  object space 699392K, 8% used [0x00000000c0000000,0x00000000c37e7ec8,0x00000000eab00000)
 Metaspace       used 58593K, capacity 59048K, committed 59160K, reserved 1097728K
  class space    used 11226K, capacity 11407K, committed 11432K, reserved 1048576K
Event: 30.309 GC heap after
Heap after GC invocations=7 (full 2):
 PSYoungGen      total 305664K, used 43489K [0x00000000eab00000, 0x0000000100000000, 0x0000000100000000)
  eden space 262144K, 0% used [0x00000000eab00000,0x00000000eab00000,0x00000000fab00000)
  from space 43520K, 99% used [0x00000000fab00000,0x00000000fd578430,0x00000000fd580000)
  to   space 43520K, 0% used [0x00000000fd580000,0x00000000fd580000,0x0000000100000000)
 ParOldGen       total 699392K, used 68929K [0x00000000c0000000, 0x00000000eab00000, 0x00000000eab00000)
  object space 699392K, 9% used [0x00000000c0000000,0x00000000c4350568,0x00000000eab00000)
 Metaspace       used 58593K, capacity 59048K, committed 59160K, reserved 1097728K
  class space    used 11226K, capacity 11407K, committed 11432K, reserved 1048576K
}
Event: 30.309 GC heap before
{Heap before GC invocations=8 (full 3):
 PSYoungGen      total 305664K, used 43489K [0x00000000eab00000, 0x0000000100000000, 0x0000000100000000)
  eden space 262144K, 0% used [0x00000000eab00000,0x00000000eab00000,0x00000000fab00000)
  from space 43520K, 99% used [0x00000000fab00000,0x00000000fd578430,0x00000000fd580000)
  to   space 43520K, 0% used [0x00000000fd580000,0x00000000fd580000,0x0000000100000000)
 ParOldGen       total 699392K, used 68929K [0x00000000c0000000, 0x00000000eab00000, 0x00000000eab00000)
  object space 699392K, 9% used [0x00000000c0000000,0x00000000c4350568,0x00000000eab00000)
 Metaspace       used 58593K, capacity 59048K, committed 59160K, reserved 1097728K
  class space    used 11226K, capacity 11407K, committed 11432K, reserved 1048576K
Event: 30.611 GC heap after
Heap after GC invocations=8 (full 3):
 PSYoungGen      total 305664K, used 0K [0x00000000eab00000, 0x0000000100000000, 0x0000000100000000)
  eden space 262144K, 0% used [0x00000000eab00000,0x00000000eab00000,0x00000000fab00000)
  from space 43520K, 0% used [0x00000000fab00000,0x00000000fab00000,0x00000000fd580000)
  to   space 43520K, 0% used [0x00000000fd580000,0x00000000fd580000,0x0000000100000000)
 ParOldGen       total 699392K, used 28280K [0x00000000c0000000, 0x00000000eab00000, 0x00000000eab00000)
  object space 699392K, 4% used [0x00000000c0000000,0x00000000c1b9e0c0,0x00000000eab00000)
 Metaspace       used 58235K, capacity 58594K, committed 59160K, reserved 1097728K
  class space    used 11172K, capacity 11317K, committed 11432K, reserved 1048576K
}

