# JRE version: OpenJDK Runtime Environment (8.0_66-b17) (build 1.8.0_66-internal-b17)
# Java VM: OpenJDK 64-Bit Server VM (25.66-b17 mixed mode linux-amd64 compressed oops)
Heap:
 PSYoungGen      total 285696K, used 219976K [0x00000000eab00000, 0x0000000100000000, 0x0000000100000000)
  eden space 223232K, 83% used [0x00000000eab00000,0x00000000f6109740,0x00000000f8500000)
  from space 62464K, 53% used [0x00000000f8500000,0x00000000fa5c8a38,0x00000000fc200000)
  to   space 61440K, 0% used [0x00000000fc400000,0x00000000fc400000,0x0000000100000000)
 ParOldGen       total 699392K, used 40681K [0x00000000c0000000, 0x00000000eab00000, 0x00000000eab00000)
  object space 699392K, 5% used [0x00000000c0000000,0x00000000c27ba568,0x00000000eab00000)
 Metaspace       used 92944K, capacity 93722K, committed 93848K, reserved 1126400K
  class space    used 16569K, capacity 16787K, committed 16808K, reserved 1048576K
GC Heap History (10 events):
Event: 45.528 GC heap before
{Heap before GC invocations=10 (full 3):
 PSYoungGen      total 249344K, used 225918K [0x00000000eab00000, 0x0000000100000000, 0x0000000100000000)
  eden space 205824K, 100% used [0x00000000eab00000,0x00000000f7400000,0x00000000f7400000)
  from space 43520K, 46% used [0x00000000fd580000,0x00000000fe91fb00,0x0000000100000000)
  to   space 71680K, 0% used [0x00000000f7400000,0x00000000f7400000,0x00000000fba00000)
 ParOldGen       total 699392K, used 22892K [0x00000000c0000000, 0x00000000eab00000, 0x00000000eab00000)
  object space 699392K, 3% used [0x00000000c0000000,0x00000000c165b340,0x00000000eab00000)
 Metaspace       used 67384K, capacity 67842K, committed 68248K, reserved 1105920K
  class space    used 12139K, capacity 12335K, committed 12456K, reserved 1048576K
Event: 45.585 GC heap after
Heap after GC invocations=10 (full 3):
 PSYoungGen      total 277504K, used 19181K [0x00000000eab00000, 0x0000000100000000, 0x0000000100000000)
  eden space 205824K, 0% used [0x00000000eab00000,0x00000000eab00000,0x00000000f7400000)
  from space 71680K, 26% used [0x00000000f7400000,0x00000000f86bb4b0,0x00000000fba00000)
  to   space 68608K, 0% used [0x00000000fbd00000,0x00000000fbd00000,0x0000000100000000)
 ParOldGen       total 699392K, used 22892K [0x00000000c0000000, 0x00000000eab00000, 0x00000000eab00000)
  object space 699392K, 3% used [0x00000000c0000000,0x00000000c165b340,0x00000000eab00000)
 Metaspace       used 67384K, capacity 67842K, committed 68248K, reserved 1105920K
  class space    used 12139K, capacity 12335K, committed 12456K, reserved 1048576K
}
Event: 47.381 GC heap before
{Heap before GC invocations=11 (full 3):
 PSYoungGen      total 277504K, used 225005K [0x00000000eab00000, 0x0000000100000000, 0x0000000100000000)
  eden space 205824K, 100% used [0x00000000eab00000,0x00000000f7400000,0x00000000f7400000)
  from space 71680K, 26% used [0x00000000f7400000,0x00000000f86bb4b0,0x00000000fba00000)
  to   space 68608K, 0% used [0x00000000fbd00000,0x00000000fbd00000,0x0000000100000000)
 ParOldGen       total 699392K, used 22892K [0x00000000c0000000, 0x00000000eab00000, 0x00000000eab00000)
  object space 699392K, 3% used [0x00000000c0000000,0x00000000c165b340,0x00000000eab00000)
 Metaspace       used 67485K, capacity 67906K, committed 68248K, reserved 1105920K
  class space    used 12140K, capacity 12335K, committed 12456K, reserved 1048576K
Event: 47.463 GC heap after
Heap after GC invocations=11 (full 3):
 PSYoungGen      total 283136K, used 20957K [0x00000000eab00000, 0x0000000100000000, 0x0000000100000000)
  eden space 214528K, 0% used [0x00000000eab00000,0x00000000eab00000,0x00000000f7c80000)
  from space 68608K, 30% used [0x00000000fbd00000,0x00000000fd177728,0x0000000100000000)
  to   space 66048K, 0% used [0x00000000f7c80000,0x00000000f7c80000,0x00000000fbd00000)
 ParOldGen       total 699392K, used 22900K [0x00000000c0000000, 0x00000000eab00000, 0x00000000eab00000)
  object space 699392K, 3% used [0x00000000c0000000,0x00000000c165d340,0x00000000eab00000)
 Metaspace       used 67485K, capacity 67906K, committed 68248K, reserved 1105920K
  class space    used 12140K, capacity 12335K, committed 12456K, reserved 1048576K
}
Event: 48.696 GC heap before
{Heap before GC invocations=12 (full 3):
 PSYoungGen      total 283136K, used 235485K [0x00000000eab00000, 0x0000000100000000, 0x0000000100000000)
  eden space 214528K, 100% used [0x00000000eab00000,0x00000000f7c80000,0x00000000f7c80000)
  from space 68608K, 30% used [0x00000000fbd00000,0x00000000fd177728,0x0000000100000000)
  to   space 66048K, 0% used [0x00000000f7c80000,0x00000000f7c80000,0x00000000fbd00000)
 ParOldGen       total 699392K, used 22900K [0x00000000c0000000, 0x00000000eab00000, 0x00000000eab00000)
  object space 699392K, 3% used [0x00000000c0000000,0x00000000c165d340,0x00000000eab00000)
 Metaspace       used 67491K, capacity 67906K, committed 68248K, reserved 1105920K
  class space    used 12140K, capacity 12335K, committed 12456K, reserved 1048576K
Event: 48.801 GC heap after
Heap after GC invocations=12 (full 3):
 PSYoungGen      total 280576K, used 21262K [0x00000000eab00000, 0x0000000100000000, 0x0000000100000000)
  eden space 214528K, 0% used [0x00000000eab00000,0x00000000eab00000,0x00000000f7c80000)
  from space 66048K, 32% used [0x00000000f7c80000,0x00000000f9143958,0x00000000fbd00000)
  to   space 63488K, 0% used [0x00000000fc200000,0x00000000fc200000,0x0000000100000000)
 ParOldGen       total 699392K, used 22900K [0x00000000c0000000, 0x00000000eab00000, 0x00000000eab00000)
  object space 699392K, 3% used [0x00000000c0000000,0x00000000c165d340,0x00000000eab00000)
 Metaspace       used 67491K, capacity 67906K, committed 68248K, reserved 1105920K
  class space    used 12140K, capacity 12335K, committed 12456K, reserved 1048576K
}
Event: 51.101 GC heap before
{Heap before GC invocations=13 (full 3):
 PSYoungGen      total 280576K, used 235790K [0x00000000eab00000, 0x0000000100000000, 0x0000000100000000)
  eden space 214528K, 100% used [0x00000000eab00000,0x00000000f7c80000,0x00000000f7c80000)
  from space 66048K, 32% used [0x00000000f7c80000,0x00000000f9143958,0x00000000fbd00000)
  to   space 63488K, 0% used [0x00000000fc200000,0x00000000fc200000,0x0000000100000000)
 ParOldGen       total 699392K, used 22900K [0x00000000c0000000, 0x00000000eab00000, 0x00000000eab00000)
  object space 699392K, 3% used [0x00000000c0000000,0x00000000c165d340,0x00000000eab00000)
 Metaspace       used 67790K, capacity 68258K, committed 68760K, reserved 1105920K
  class space    used 12187K, capacity 12367K, committed 12456K, reserved 1048576K
Event: 51.173 GC heap after
Heap after GC invocations=13 (full 3):
 PSYoungGen      total 286720K, used 12292K [0x00000000eab00000, 0x0000000100000000, 0x0000000100000000)
  eden space 223232K, 0% used [0x00000000eab00000,0x00000000eab00000,0x00000000f8500000)
  from space 63488K, 19% used [0x00000000fc200000,0x00000000fce011c0,0x0000000100000000)
  to   space 62464K, 0% used [0x00000000f8500000,0x00000000f8500000,0x00000000fc200000)
 ParOldGen       total 699392K, used 35926K [0x00000000c0000000, 0x00000000eab00000, 0x00000000eab00000)
  object space 699392K, 5% used [0x00000000c0000000,0x00000000c2315960,0x00000000eab00000)
 Metaspace       used 67790K, capacity 68258K, committed 68760K, reserved 1105920K
  class space    used 12187K, capacity 12367K, committed 12456K, reserved 1048576K
}
Event: 56.527 GC heap before
{Heap before GC invocations=14 (full 3):
 PSYoungGen      total 286720K, used 235524K [0x00000000eab00000, 0x0000000100000000, 0x0000000100000000)
  eden space 223232K, 100% used [0x00000000eab00000,0x00000000f8500000,0x00000000f8500000)
  from space 63488K, 19% used [0x00000000fc200000,0x00000000fce011c0,0x0000000100000000)
  to   space 62464K, 0% used [0x00000000f8500000,0x00000000f8500000,0x00000000fc200000)
 ParOldGen       total 699392K, used 35926K [0x00000000c0000000, 0x00000000eab00000, 0x00000000eab00000)
  object space 699392K, 5% used [0x00000000c0000000,0x00000000c2315960,0x00000000eab00000)
 Metaspace       used 81016K, capacity 81608K, committed 81816K, reserved 1116160K
  class space    used 14451K, capacity 14629K, committed 14760K, reserved 1048576K
Event: 56.651 GC heap after
Heap after GC invocations=14 (full 3):
 PSYoungGen      total 285696K, used 33570K [0x00000000eab00000, 0x0000000100000000, 0x0000000100000000)
  eden space 223232K, 0% used [0x00000000eab00000,0x00000000eab00000,0x00000000f8500000)
  from space 62464K, 53% used [0x00000000f8500000,0x00000000fa5c8a38,0x00000000fc200000)
  to   space 61440K, 0% used [0x00000000fc400000,0x00000000fc400000,0x0000000100000000)
 ParOldGen       total 699392K, used 40681K [0x00000000c0000000, 0x00000000eab00000, 0x00000000eab00000)
  object space 699392K, 5% used [0x00000000c0000000,0x00000000c27ba568,0x00000000eab00000)
 Metaspace       used 81016K, capacity 81608K, committed 81816K, reserved 1116160K
  class space    used 14451K, capacity 14629K, committed 14760K, reserved 1048576K
}

