# JRE version: Java(TM) SE Runtime Environment (8.0_66-b18) (build 1.8.0_66-b18)
# Java VM: Java HotSpot(TM) 64-Bit Server VM (25.66-b18 mixed mode windows-amd64 compressed oops)
Heap:
 PSYoungGen      total 232960K, used 6612K [0x00000000eab00000, 0x0000000100000000, 0x0000000100000000)
  eden space 116736K, 5% used [0x00000000eab00000,0x00000000eb175200,0x00000000f1d00000)
  from space 116224K, 0% used [0x00000000f8e80000,0x00000000f8e80000,0x0000000100000000)
  to   space 116224K, 0% used [0x00000000f1d00000,0x00000000f1d00000,0x00000000f8e80000)
 ParOldGen       total 699392K, used 449538K [0x00000000c0000000, 0x00000000eab00000, 0x00000000eab00000)
  object space 699392K, 64% used [0x00000000c0000000,0x00000000db7009c0,0x00000000eab00000)
 Metaspace       used 96844K, capacity 97543K, committed 98496K, reserved 1130496K
  class space    used 16524K, capacity 16737K, committed 17024K, reserved 1048576K
GC Heap History (10 events):
Event: 4023.260 GC heap before
{Heap before GC invocations=14 (full 3):
 PSYoungGen      total 232960K, used 232928K [0x00000000eab00000, 0x0000000100000000, 0x0000000100000000)
  eden space 116736K, 100% used [0x00000000eab00000,0x00000000f1d00000,0x00000000f1d00000)
  from space 116224K, 99% used [0x00000000f8e80000,0x00000000ffff83a0,0x0000000100000000)
  to   space 116224K, 0% used [0x00000000f1d00000,0x00000000f1d00000,0x00000000f8e80000)
 ParOldGen       total 699392K, used 252853K [0x00000000c0000000, 0x00000000eab00000, 0x00000000eab00000)
  object space 699392K, 36% used [0x00000000c0000000,0x00000000cf6ed560,0x00000000eab00000)
 Metaspace       used 97399K, capacity 98179K, committed 98432K, reserved 1130496K
  class space    used 16691K, capacity 16936K, committed 17024K, reserved 1048576K
Event: 4024.138 GC heap after
Heap after GC invocations=14 (full 3):
 PSYoungGen      total 232960K, used 73664K [0x00000000eab00000, 0x0000000100000000, 0x0000000100000000)
  eden space 116736K, 0% used [0x00000000eab00000,0x00000000eab00000,0x00000000f1d00000)
  from space 116224K, 63% used [0x00000000f1d00000,0x00000000f64f0230,0x00000000f8e80000)
  to   space 116224K, 0% used [0x00000000f8e80000,0x00000000f8e80000,0x0000000100000000)
 ParOldGen       total 699392K, used 369510K [0x00000000c0000000, 0x00000000eab00000, 0x00000000eab00000)
  object space 699392K, 52% used [0x00000000c0000000,0x00000000d68d9910,0x00000000eab00000)
 Metaspace       used 97399K, capacity 98179K, committed 98432K, reserved 1130496K
  class space    used 16691K, capacity 16936K, committed 17024K, reserved 1048576K
}
Event: 4024.570 GC heap before
{Heap before GC invocations=15 (full 3):
 PSYoungGen      total 232960K, used 190400K [0x00000000eab00000, 0x0000000100000000, 0x0000000100000000)
  eden space 116736K, 100% used [0x00000000eab00000,0x00000000f1d00000,0x00000000f1d00000)
  from space 116224K, 63% used [0x00000000f1d00000,0x00000000f64f0230,0x00000000f8e80000)
  to   space 116224K, 0% used [0x00000000f8e80000,0x00000000f8e80000,0x0000000100000000)
 ParOldGen       total 699392K, used 369510K [0x00000000c0000000, 0x00000000eab00000, 0x00000000eab00000)
  object space 699392K, 52% used [0x00000000c0000000,0x00000000d68d9910,0x00000000eab00000)
 Metaspace       used 97405K, capacity 98185K, committed 98432K, reserved 1130496K
  class space    used 16691K, capacity 16937K, committed 17024K, reserved 1048576K
Event: 4025.195 GC heap after
Heap after GC invocations=15 (full 3):
 PSYoungGen      total 232960K, used 69312K [0x00000000eab00000, 0x0000000100000000, 0x0000000100000000)
  eden space 116736K, 0% used [0x00000000eab00000,0x00000000eab00000,0x00000000f1d00000)
  from space 116224K, 59% used [0x00000000f8e80000,0x00000000fd2301d0,0x0000000100000000)
  to   space 116224K, 0% used [0x00000000f1d00000,0x00000000f1d00000,0x00000000f8e80000)
 ParOldGen       total 699392K, used 443414K [0x00000000c0000000, 0x00000000eab00000, 0x00000000eab00000)
  object space 699392K, 63% used [0x00000000c0000000,0x00000000db105b50,0x00000000eab00000)
 Metaspace       used 97405K, capacity 98185K, committed 98432K, reserved 1130496K
  class space    used 16691K, capacity 16937K, committed 17024K, reserved 1048576K
}
Event: 4025.965 GC heap before
{Heap before GC invocations=16 (full 3):
 PSYoungGen      total 232960K, used 186048K [0x00000000eab00000, 0x0000000100000000, 0x0000000100000000)
  eden space 116736K, 100% used [0x00000000eab00000,0x00000000f1d00000,0x00000000f1d00000)
  from space 116224K, 59% used [0x00000000f8e80000,0x00000000fd2301d0,0x0000000100000000)
  to   space 116224K, 0% used [0x00000000f1d00000,0x00000000f1d00000,0x00000000f8e80000)
 ParOldGen       total 699392K, used 443414K [0x00000000c0000000, 0x00000000eab00000, 0x00000000eab00000)
  object space 699392K, 63% used [0x00000000c0000000,0x00000000db105b50,0x00000000eab00000)
 Metaspace       used 97455K, capacity 98249K, committed 98432K, reserved 1130496K
  class space    used 16702K, capacity 16937K, committed 17024K, reserved 1048576K
Event: 4026.599 GC heap after
Heap after GC invocations=16 (full 3):
 PSYoungGen      total 232960K, used 40160K [0x00000000eab00000, 0x0000000100000000, 0x0000000100000000)
  eden space 116736K, 0% used [0x00000000eab00000,0x00000000eab00000,0x00000000f1d00000)
  from space 116224K, 34% used [0x00000000f1d00000,0x00000000f4438000,0x00000000f8e80000)
  to   space 116224K, 0% used [0x00000000f8e80000,0x00000000f8e80000,0x0000000100000000)
 ParOldGen       total 699392K, used 512911K [0x00000000c0000000, 0x00000000eab00000, 0x00000000eab00000)
  object space 699392K, 73% used [0x00000000c0000000,0x00000000df4e3d30,0x00000000eab00000)
 Metaspace       used 97455K, capacity 98249K, committed 98432K, reserved 1130496K
  class space    used 16702K, capacity 16937K, committed 17024K, reserved 1048576K
}
Event: 4026.894 GC heap before
{Heap before GC invocations=17 (full 3):
 PSYoungGen      total 232960K, used 55317K [0x00000000eab00000, 0x0000000100000000, 0x0000000100000000)
  eden space 116736K, 12% used [0x00000000eab00000,0x00000000eb9cd5b0,0x00000000f1d00000)
  from space 116224K, 34% used [0x00000000f1d00000,0x00000000f4438000,0x00000000f8e80000)
  to   space 116224K, 0% used [0x00000000f8e80000,0x00000000f8e80000,0x0000000100000000)
 ParOldGen       total 699392K, used 512911K [0x00000000c0000000, 0x00000000eab00000, 0x00000000eab00000)
  object space 699392K, 73% used [0x00000000c0000000,0x00000000df4e3d30,0x00000000eab00000)
 Metaspace       used 97554K, capacity 98345K, committed 98496K, reserved 1130496K
  class space    used 16727K, capacity 16969K, committed 17024K, reserved 1048576K
Event: 4027.250 GC heap after
Heap after GC invocations=17 (full 3):
 PSYoungGen      total 232960K, used 4646K [0x00000000eab00000, 0x0000000100000000, 0x0000000100000000)
  eden space 116736K, 0% used [0x00000000eab00000,0x00000000eab00000,0x00000000f1d00000)
  from space 116224K, 3% used [0x00000000f8e80000,0x00000000f9309bc0,0x0000000100000000)
  to   space 116224K, 0% used [0x00000000f1d00000,0x00000000f1d00000,0x00000000f8e80000)
 ParOldGen       total 699392K, used 553135K [0x00000000c0000000, 0x00000000eab00000, 0x00000000eab00000)
  object space 699392K, 79% used [0x00000000c0000000,0x00000000e1c2bd30,0x00000000eab00000)
 Metaspace       used 97554K, capacity 98345K, committed 98496K, reserved 1130496K
  class space    used 16727K, capacity 16969K, committed 17024K, reserved 1048576K
}
Event: 4027.250 GC heap before
{Heap before GC invocations=18 (full 4):
 PSYoungGen      total 232960K, used 4646K [0x00000000eab00000, 0x0000000100000000, 0x0000000100000000)
  eden space 116736K, 0% used [0x00000000eab00000,0x00000000eab00000,0x00000000f1d00000)
  from space 116224K, 3% used [0x00000000f8e80000,0x00000000f9309bc0,0x0000000100000000)
  to   space 116224K, 0% used [0x00000000f1d00000,0x00000000f1d00000,0x00000000f8e80000)
 ParOldGen       total 699392K, used 553135K [0x00000000c0000000, 0x00000000eab00000, 0x00000000eab00000)
  object space 699392K, 79% used [0x00000000c0000000,0x00000000e1c2bd30,0x00000000eab00000)
 Metaspace       used 97554K, capacity 98345K, committed 98496K, reserved 1130496K
  class space    used 16727K, capacity 16969K, committed 17024K, reserved 1048576K
Event: 4048.409 GC heap after
Heap after GC invocations=18 (full 4):
 PSYoungGen      total 232960K, used 0K [0x00000000eab00000, 0x0000000100000000, 0x0000000100000000)
  eden space 116736K, 0% used [0x00000000eab00000,0x00000000eab00000,0x00000000f1d00000)
  from space 116224K, 0% used [0x00000000f8e80000,0x00000000f8e80000,0x0000000100000000)
  to   space 116224K, 0% used [0x00000000f1d00000,0x00000000f1d00000,0x00000000f8e80000)
 ParOldGen       total 699392K, used 449538K [0x00000000c0000000, 0x00000000eab00000, 0x00000000eab00000)
  object space 699392K, 64% used [0x00000000c0000000,0x00000000db7009c0,0x00000000eab00000)
 Metaspace       used 96815K, capacity 97467K, committed 98496K, reserved 1130496K
  class space    used 16522K, capacity 16735K, committed 17024K, reserved 1048576K
}

