# JRE version: OpenJDK Runtime Environment (8.0_66-b17) (build 1.8.0_66-internal-b17)
# Java VM: OpenJDK 64-Bit Server VM (25.66-b17 mixed mode linux-amd64 compressed oops)
Heap:
 PSYoungGen      total 288768K, used 208365K [0x00000000eab00000, 0x0000000100000000, 0x0000000100000000)
  eden space 228864K, 71% used [0x00000000eab00000,0x00000000f4b9d5c0,0x00000000f8a80000)
  from space 59904K, 73% used [0x00000000f8a80000,0x00000000fb55e1b8,0x00000000fc500000)
  to   space 60416K, 0% used [0x00000000fc500000,0x00000000fc500000,0x0000000100000000)
 ParOldGen       total 699392K, used 62664K [0x00000000c0000000, 0x00000000eab00000, 0x00000000eab00000)
  object space 699392K, 8% used [0x00000000c0000000,0x00000000c3d323d0,0x00000000eab00000)
 Metaspace       used 73074K, capacity 73560K, committed 73688K, reserved 1110016K
  class space    used 12603K, capacity 12784K, committed 12800K, reserved 1048576K
GC Heap History (10 events):
Event: 189.808 GC heap before
{Heap before GC invocations=12 (full 3):
 PSYoungGen      total 287744K, used 254448K [0x00000000eab00000, 0x0000000100000000, 0x0000000100000000)
  eden space 223744K, 100% used [0x00000000eab00000,0x00000000f8580000,0x00000000f8580000)
  from space 64000K, 47% used [0x00000000fc180000,0x00000000fdf7c2f0,0x0000000100000000)
  to   space 61440K, 0% used [0x00000000f8580000,0x00000000f8580000,0x00000000fc180000)
 ParOldGen       total 699392K, used 62640K [0x00000000c0000000, 0x00000000eab00000, 0x00000000eab00000)
  object space 699392K, 8% used [0x00000000c0000000,0x00000000c3d2c3d0,0x00000000eab00000)
 Metaspace       used 72351K, capacity 72870K, committed 73176K, reserved 1110016K
  class space    used 12597K, capacity 12749K, committed 12800K, reserved 1048576K
Event: 189.909 GC heap after
Heap after GC invocations=12 (full 3):
 PSYoungGen      total 285184K, used 38685K [0x00000000eab00000, 0x0000000100000000, 0x0000000100000000)
  eden space 223744K, 0% used [0x00000000eab00000,0x00000000eab00000,0x00000000f8580000)
  from space 61440K, 62% used [0x00000000f8580000,0x00000000fab475b8,0x00000000fc180000)
  to   space 59904K, 0% used [0x00000000fc580000,0x00000000fc580000,0x0000000100000000)
 ParOldGen       total 699392K, used 62648K [0x00000000c0000000, 0x00000000eab00000, 0x00000000eab00000)
  object space 699392K, 8% used [0x00000000c0000000,0x00000000c3d2e3d0,0x00000000eab00000)
 Metaspace       used 72351K, capacity 72870K, committed 73176K, reserved 1110016K
  class space    used 12597K, capacity 12749K, committed 12800K, reserved 1048576K
}
Event: 305.976 GC heap before
{Heap before GC invocations=13 (full 3):
 PSYoungGen      total 285184K, used 262429K [0x00000000eab00000, 0x0000000100000000, 0x0000000100000000)
  eden space 223744K, 100% used [0x00000000eab00000,0x00000000f8580000,0x00000000f8580000)
  from space 61440K, 62% used [0x00000000f8580000,0x00000000fab475b8,0x00000000fc180000)
  to   space 59904K, 0% used [0x00000000fc580000,0x00000000fc580000,0x0000000100000000)
 ParOldGen       total 699392K, used 62648K [0x00000000c0000000, 0x00000000eab00000, 0x00000000eab00000)
  object space 699392K, 8% used [0x00000000c0000000,0x00000000c3d2e3d0,0x00000000eab00000)
 Metaspace       used 72832K, capacity 73368K, committed 73432K, reserved 1110016K
  class space    used 12603K, capacity 12784K, committed 12800K, reserved 1048576K
Event: 306.073 GC heap after
Heap after GC invocations=13 (full 3):
 PSYoungGen      total 287232K, used 43911K [0x00000000eab00000, 0x0000000100000000, 0x0000000100000000)
  eden space 227328K, 0% used [0x00000000eab00000,0x00000000eab00000,0x00000000f8900000)
  from space 59904K, 73% used [0x00000000fc580000,0x00000000ff061dd8,0x0000000100000000)
  to   space 60928K, 0% used [0x00000000f8900000,0x00000000f8900000,0x00000000fc480000)
 ParOldGen       total 699392K, used 62656K [0x00000000c0000000, 0x00000000eab00000, 0x00000000eab00000)
  object space 699392K, 8% used [0x00000000c0000000,0x00000000c3d303d0,0x00000000eab00000)
 Metaspace       used 72832K, capacity 73368K, committed 73432K, reserved 1110016K
  class space    used 12603K, capacity 12784K, committed 12800K, reserved 1048576K
}
Event: 308.783 GC heap before
{Heap before GC invocations=14 (full 3):
 PSYoungGen      total 287232K, used 271239K [0x00000000eab00000, 0x0000000100000000, 0x0000000100000000)
  eden space 227328K, 100% used [0x00000000eab00000,0x00000000f8900000,0x00000000f8900000)
  from space 59904K, 73% used [0x00000000fc580000,0x00000000ff061dd8,0x0000000100000000)
  to   space 60928K, 0% used [0x00000000f8900000,0x00000000f8900000,0x00000000fc480000)
 ParOldGen       total 699392K, used 62656K [0x00000000c0000000, 0x00000000eab00000, 0x00000000eab00000)
  object space 699392K, 8% used [0x00000000c0000000,0x00000000c3d303d0,0x00000000eab00000)
 Metaspace       used 72948K, capacity 73496K, committed 73688K, reserved 1110016K
  class space    used 12603K, capacity 12784K, committed 12800K, reserved 1048576K
Event: 308.926 GC heap after
Heap after GC invocations=14 (full 3):
 PSYoungGen      total 288256K, used 40533K [0x00000000eab00000, 0x0000000100000000, 0x0000000100000000)
  eden space 227328K, 0% used [0x00000000eab00000,0x00000000eab00000,0x00000000f8900000)
  from space 60928K, 66% used [0x00000000f8900000,0x00000000fb095768,0x00000000fc480000)
  to   space 60416K, 0% used [0x00000000fc500000,0x00000000fc500000,0x0000000100000000)
 ParOldGen       total 699392K, used 62664K [0x00000000c0000000, 0x00000000eab00000, 0x00000000eab00000)
  object space 699392K, 8% used [0x00000000c0000000,0x00000000c3d323d0,0x00000000eab00000)
 Metaspace       used 72948K, capacity 73496K, committed 73688K, reserved 1110016K
  class space    used 12603K, capacity 12784K, committed 12800K, reserved 1048576K
}
Event: 310.211 GC heap before
{Heap before GC invocations=15 (full 3):
 PSYoungGen      total 288256K, used 267861K [0x00000000eab00000, 0x0000000100000000, 0x0000000100000000)
  eden space 227328K, 100% used [0x00000000eab00000,0x00000000f8900000,0x00000000f8900000)
  from space 60928K, 66% used [0x00000000f8900000,0x00000000fb095768,0x00000000fc480000)
  to   space 60416K, 0% used [0x00000000fc500000,0x00000000fc500000,0x0000000100000000)
 ParOldGen       total 699392K, used 62664K [0x00000000c0000000, 0x00000000eab00000, 0x00000000eab00000)
  object space 699392K, 8% used [0x00000000c0000000,0x00000000c3d323d0,0x00000000eab00000)
 Metaspace       used 72950K, capacity 73496K, committed 73688K, reserved 1110016K
  class space    used 12603K, capacity 12784K, committed 12800K, reserved 1048576K
Event: 310.387 GC heap after
Heap after GC invocations=15 (full 3):
 PSYoungGen      total 289280K, used 41446K [0x00000000eab00000, 0x0000000100000000, 0x0000000100000000)
  eden space 228864K, 0% used [0x00000000eab00000,0x00000000eab00000,0x00000000f8a80000)
  from space 60416K, 68% used [0x00000000fc500000,0x00000000fed79800,0x0000000100000000)
  to   space 59904K, 0% used [0x00000000f8a80000,0x00000000f8a80000,0x00000000fc500000)
 ParOldGen       total 699392K, used 62664K [0x00000000c0000000, 0x00000000eab00000, 0x00000000eab00000)
  object space 699392K, 8% used [0x00000000c0000000,0x00000000c3d323d0,0x00000000eab00000)
 Metaspace       used 72950K, capacity 73496K, committed 73688K, reserved 1110016K
  class space    used 12603K, capacity 12784K, committed 12800K, reserved 1048576K
}
Event: 330.779 GC heap before
{Heap before GC invocations=16 (full 3):
 PSYoungGen      total 289280K, used 270310K [0x00000000eab00000, 0x0000000100000000, 0x0000000100000000)
  eden space 228864K, 100% used [0x00000000eab00000,0x00000000f8a80000,0x00000000f8a80000)
  from space 60416K, 68% used [0x00000000fc500000,0x00000000fed79800,0x0000000100000000)
  to   space 59904K, 0% used [0x00000000f8a80000,0x00000000f8a80000,0x00000000fc500000)
 ParOldGen       total 699392K, used 62664K [0x00000000c0000000, 0x00000000eab00000, 0x00000000eab00000)
  object space 699392K, 8% used [0x00000000c0000000,0x00000000c3d323d0,0x00000000eab00000)
 Metaspace       used 73015K, capacity 73560K, committed 73688K, reserved 1110016K
  class space    used 12603K, capacity 12784K, committed 12800K, reserved 1048576K
Event: 330.892 GC heap after
Heap after GC invocations=16 (full 3):
 PSYoungGen      total 288768K, used 43896K [0x00000000eab00000, 0x0000000100000000, 0x0000000100000000)
  eden space 228864K, 0% used [0x00000000eab00000,0x00000000eab00000,0x00000000f8a80000)
  from space 59904K, 73% used [0x00000000f8a80000,0x00000000fb55e1b8,0x00000000fc500000)
  to   space 60416K, 0% used [0x00000000fc500000,0x00000000fc500000,0x0000000100000000)
 ParOldGen       total 699392K, used 62664K [0x00000000c0000000, 0x00000000eab00000, 0x00000000eab00000)
  object space 699392K, 8% used [0x00000000c0000000,0x00000000c3d323d0,0x00000000eab00000)
 Metaspace       used 73015K, capacity 73560K, committed 73688K, reserved 1110016K
  class space    used 12603K, capacity 12784K, committed 12800K, reserved 1048576K
}

