# JRE version: Java(TM) SE Runtime Environment (8.0_66-b18) (build 1.8.0_66-b18)
# Java VM: Java HotSpot(TM) 64-Bit Server VM (25.66-b18 mixed mode windows-amd64 compressed oops)
Heap:
 PSYoungGen      total 305664K, used 118148K [0x00000000eab00000, 0x0000000100000000, 0x0000000100000000)
  eden space 262144K, 38% used [0x00000000eab00000,0x00000000f0d956e8,0x00000000fab00000)
  from space 43520K, 39% used [0x00000000fab00000,0x00000000fbbcba10,0x00000000fd580000)
  to   space 43520K, 0% used [0x00000000fd580000,0x00000000fd580000,0x0000000100000000)
 ParOldGen       total 699392K, used 18650K [0x00000000c0000000, 0x00000000eab00000, 0x00000000eab00000)
  object space 699392K, 2% used [0x00000000c0000000,0x00000000c1236b48,0x00000000eab00000)
 Metaspace       used 47889K, capacity 48270K, committed 48512K, reserved 1089536K
  class space    used 9182K, capacity 9283K, committed 9344K, reserved 1048576K
GC Heap History (10 events):
Event: 5.557 GC heap before
{Heap before GC invocations=1 (full 0):
 PSYoungGen      total 305664K, used 94437K [0x00000000eab00000, 0x0000000100000000, 0x0000000100000000)
  eden space 262144K, 36% used [0x00000000eab00000,0x00000000f0739578,0x00000000fab00000)
  from space 43520K, 0% used [0x00000000fd580000,0x00000000fd580000,0x0000000100000000)
  to   space 43520K, 0% used [0x00000000fab00000,0x00000000fab00000,0x00000000fd580000)
 ParOldGen       total 699392K, used 0K [0x00000000c0000000, 0x00000000eab00000, 0x00000000eab00000)
  object space 699392K, 0% used [0x00000000c0000000,0x00000000c0000000,0x00000000eab00000)
 Metaspace       used 20848K, capacity 21118K, committed 21296K, reserved 1067008K
  class space    used 3629K, capacity 3686K, committed 3712K, reserved 1048576K
Event: 5.601 GC heap after
Heap after GC invocations=1 (full 0):
 PSYoungGen      total 305664K, used 16176K [0x00000000eab00000, 0x0000000100000000, 0x0000000100000000)
  eden space 262144K, 0% used [0x00000000eab00000,0x00000000eab00000,0x00000000fab00000)
  from space 43520K, 37% used [0x00000000fab00000,0x00000000fbacc150,0x00000000fd580000)
  to   space 43520K, 0% used [0x00000000fd580000,0x00000000fd580000,0x0000000100000000)
 ParOldGen       total 699392K, used 0K [0x00000000c0000000, 0x00000000eab00000, 0x00000000eab00000)
  object space 699392K, 0% used [0x00000000c0000000,0x00000000c0000000,0x00000000eab00000)
 Metaspace       used 20848K, capacity 21118K, committed 21296K, reserved 1067008K
  class space    used 3629K, capacity 3686K, committed 3712K, reserved 1048576K
}
Event: 5.601 GC heap before
{Heap before GC invocations=2 (full 1):
 PSYoungGen      total 305664K, used 16176K [0x00000000eab00000, 0x0000000100000000, 0x0000000100000000)
  eden space 262144K, 0% used [0x00000000eab00000,0x00000000eab00000,0x00000000fab00000)
  from space 43520K, 37% used [0x00000000fab00000,0x00000000fbacc150,0x00000000fd580000)
  to   space 43520K, 0% used [0x00000000fd580000,0x00000000fd580000,0x0000000100000000)
 ParOldGen       total 699392K, used 0K [0x00000000c0000000, 0x00000000eab00000, 0x00000000eab00000)
  object space 699392K, 0% used [0x00000000c0000000,0x00000000c0000000,0x00000000eab00000)
 Metaspace       used 20848K, capacity 21118K, committed 21296K, reserved 1067008K
  class space    used 3629K, capacity 3686K, committed 3712K, reserved 1048576K
Event: 5.835 GC heap after
Heap after GC invocations=2 (full 1):
 PSYoungGen      total 305664K, used 0K [0x00000000eab00000, 0x0000000100000000, 0x0000000100000000)
  eden space 262144K, 0% used [0x00000000eab00000,0x00000000eab00000,0x00000000fab00000)
  from space 43520K, 0% used [0x00000000fab00000,0x00000000fab00000,0x00000000fd580000)
  to   space 43520K, 0% used [0x00000000fd580000,0x00000000fd580000,0x0000000100000000)
 ParOldGen       total 699392K, used 15347K [0x00000000c0000000, 0x00000000eab00000, 0x00000000eab00000)
  object space 699392K, 2% used [0x00000000c0000000,0x00000000c0efcda8,0x00000000eab00000)
 Metaspace       used 20848K, capacity 21118K, committed 21296K, reserved 1067008K
  class space    used 3629K, capacity 3686K, committed 3712K, reserved 1048576K
}
Event: 12.091 GC heap before
{Heap before GC invocations=3 (full 1):
 PSYoungGen      total 305664K, used 120592K [0x00000000eab00000, 0x0000000100000000, 0x0000000100000000)
  eden space 262144K, 46% used [0x00000000eab00000,0x00000000f20c43b0,0x00000000fab00000)
  from space 43520K, 0% used [0x00000000fab00000,0x00000000fab00000,0x00000000fd580000)
  to   space 43520K, 0% used [0x00000000fd580000,0x00000000fd580000,0x0000000100000000)
 ParOldGen       total 699392K, used 15347K [0x00000000c0000000, 0x00000000eab00000, 0x00000000eab00000)
  object space 699392K, 2% used [0x00000000c0000000,0x00000000c0efcda8,0x00000000eab00000)
 Metaspace       used 35022K, capacity 35306K, committed 35456K, reserved 1079296K
  class space    used 6330K, capacity 6452K, committed 6528K, reserved 1048576K
Event: 12.140 GC heap after
Heap after GC invocations=3 (full 1):
 PSYoungGen      total 305664K, used 15607K [0x00000000eab00000, 0x0000000100000000, 0x0000000100000000)
  eden space 262144K, 0% used [0x00000000eab00000,0x00000000eab00000,0x00000000fab00000)
  from space 43520K, 35% used [0x00000000fd580000,0x00000000fe4bdd28,0x0000000100000000)
  to   space 43520K, 0% used [0x00000000fab00000,0x00000000fab00000,0x00000000fd580000)
 ParOldGen       total 699392K, used 15347K [0x00000000c0000000, 0x00000000eab00000, 0x00000000eab00000)
  object space 699392K, 2% used [0x00000000c0000000,0x00000000c0efcda8,0x00000000eab00000)
 Metaspace       used 35022K, capacity 35306K, committed 35456K, reserved 1079296K
  class space    used 6330K, capacity 6452K, committed 6528K, reserved 1048576K
}
Event: 12.140 GC heap before
{Heap before GC invocations=4 (full 2):
 PSYoungGen      total 305664K, used 15607K [0x00000000eab00000, 0x0000000100000000, 0x0000000100000000)
  eden space 262144K, 0% used [0x00000000eab00000,0x00000000eab00000,0x00000000fab00000)
  from space 43520K, 35% used [0x00000000fd580000,0x00000000fe4bdd28,0x0000000100000000)
  to   space 43520K, 0% used [0x00000000fab00000,0x00000000fab00000,0x00000000fd580000)
 ParOldGen       total 699392K, used 15347K [0x00000000c0000000, 0x00000000eab00000, 0x00000000eab00000)
  object space 699392K, 2% used [0x00000000c0000000,0x00000000c0efcda8,0x00000000eab00000)
 Metaspace       used 35022K, capacity 35306K, committed 35456K, reserved 1079296K
  class space    used 6330K, capacity 6452K, committed 6528K, reserved 1048576K
Event: 12.538 GC heap after
Heap after GC invocations=4 (full 2):
 PSYoungGen      total 305664K, used 0K [0x00000000eab00000, 0x0000000100000000, 0x0000000100000000)
  eden space 262144K, 0% used [0x00000000eab00000,0x00000000eab00000,0x00000000fab00000)
  from space 43520K, 0% used [0x00000000fd580000,0x00000000fd580000,0x0000000100000000)
  to   space 43520K, 0% used [0x00000000fab00000,0x00000000fab00000,0x00000000fd580000)
 ParOldGen       total 699392K, used 18642K [0x00000000c0000000, 0x00000000eab00000, 0x00000000eab00000)
  object space 699392K, 2% used [0x00000000c0000000,0x00000000c1234b48,0x00000000eab00000)
 Metaspace       used 35017K, capacity 35294K, committed 35456K, reserved 1079296K
  class space    used 6329K, capacity 6448K, committed 6528K, reserved 1048576K
}
Event: 22.127 GC heap before
{Heap before GC invocations=5 (full 2):
 PSYoungGen      total 305664K, used 262144K [0x00000000eab00000, 0x0000000100000000, 0x0000000100000000)
  eden space 262144K, 100% used [0x00000000eab00000,0x00000000fab00000,0x00000000fab00000)
  from space 43520K, 0% used [0x00000000fd580000,0x00000000fd580000,0x0000000100000000)
  to   space 43520K, 0% used [0x00000000fab00000,0x00000000fab00000,0x00000000fd580000)
 ParOldGen       total 699392K, used 18642K [0x00000000c0000000, 0x00000000eab00000, 0x00000000eab00000)
  object space 699392K, 2% used [0x00000000c0000000,0x00000000c1234b48,0x00000000eab00000)
 Metaspace       used 43853K, capacity 44206K, committed 44544K, reserved 1085440K
  class space    used 8511K, capacity 8611K, committed 8704K, reserved 1048576K
Event: 22.206 GC heap after
Heap after GC invocations=5 (full 2):
 PSYoungGen      total 305664K, used 17198K [0x00000000eab00000, 0x0000000100000000, 0x0000000100000000)
  eden space 262144K, 0% used [0x00000000eab00000,0x00000000eab00000,0x00000000fab00000)
  from space 43520K, 39% used [0x00000000fab00000,0x00000000fbbcba10,0x00000000fd580000)
  to   space 43520K, 0% used [0x00000000fd580000,0x00000000fd580000,0x0000000100000000)
 ParOldGen       total 699392K, used 18650K [0x00000000c0000000, 0x00000000eab00000, 0x00000000eab00000)
  object space 699392K, 2% used [0x00000000c0000000,0x00000000c1236b48,0x00000000eab00000)
 Metaspace       used 43853K, capacity 44206K, committed 44544K, reserved 1085440K
  class space    used 8511K, capacity 8611K, committed 8704K, reserved 1048576K
}

