# JRE version: OpenJDK Runtime Environment (8.0_66-b17) (build 1.8.0_66-internal-b17)
# Java VM: OpenJDK 64-Bit Server VM (25.66-b17 mixed mode linux-amd64 compressed oops)
Heap:
 PSYoungGen      total 305664K, used 241685K [0x00000000eab00000, 0x0000000100000000, 0x0000000100000000)
  eden space 262144K, 92% used [0x00000000eab00000,0x00000000f97057d0,0x00000000fab00000)
  from space 43520K, 0% used [0x00000000fab00000,0x00000000fab00000,0x00000000fd580000)
  to   space 29184K, 0% used [0x00000000fe380000,0x00000000fe380000,0x0000000100000000)
 ParOldGen       total 699392K, used 29122K [0x00000000c0000000, 0x00000000eab00000, 0x00000000eab00000)
  object space 699392K, 4% used [0x00000000c0000000,0x00000000c1c70b90,0x00000000eab00000)
 Metaspace       used 74589K, capacity 75284K, committed 75416K, reserved 1110016K
  class space    used 13703K, capacity 13943K, committed 13992K, reserved 1048576K
GC Heap History (10 events):
Event: 10.604 GC heap before
{Heap before GC invocations=4 (full 2):
 PSYoungGen      total 305664K, used 15212K [0x00000000eab00000, 0x0000000100000000, 0x0000000100000000)
  eden space 262144K, 0% used [0x00000000eab00000,0x00000000eab00000,0x00000000fab00000)
  from space 43520K, 34% used [0x00000000fd580000,0x00000000fe45b3f8,0x0000000100000000)
  to   space 43520K, 0% used [0x00000000fab00000,0x00000000fab00000,0x00000000fd580000)
 ParOldGen       total 699392K, used 14870K [0x00000000c0000000, 0x00000000eab00000, 0x00000000eab00000)
  object space 699392K, 2% used [0x00000000c0000000,0x00000000c0e85b50,0x00000000eab00000)
 Metaspace       used 35114K, capacity 35440K, committed 35496K, reserved 1079296K
  class space    used 6199K, capacity 6304K, committed 6312K, reserved 1048576K
Event: 10.698 GC heap after
Heap after GC invocations=4 (full 2):
 PSYoungGen      total 305664K, used 0K [0x00000000eab00000, 0x0000000100000000, 0x0000000100000000)
  eden space 262144K, 0% used [0x00000000eab00000,0x00000000eab00000,0x00000000fab00000)
  from space 43520K, 0% used [0x00000000fd580000,0x00000000fd580000,0x0000000100000000)
  to   space 43520K, 0% used [0x00000000fab00000,0x00000000fab00000,0x00000000fd580000)
 ParOldGen       total 699392K, used 18200K [0x00000000c0000000, 0x00000000eab00000, 0x00000000eab00000)
  object space 699392K, 2% used [0x00000000c0000000,0x00000000c11c63a0,0x00000000eab00000)
 Metaspace       used 35110K, capacity 35428K, committed 35496K, reserved 1079296K
  class space    used 6198K, capacity 6300K, committed 6312K, reserved 1048576K
}
Event: 17.517 GC heap before
{Heap before GC invocations=5 (full 2):
 PSYoungGen      total 305664K, used 262144K [0x00000000eab00000, 0x0000000100000000, 0x0000000100000000)
  eden space 262144K, 100% used [0x00000000eab00000,0x00000000fab00000,0x00000000fab00000)
  from space 43520K, 0% used [0x00000000fd580000,0x00000000fd580000,0x0000000100000000)
  to   space 43520K, 0% used [0x00000000fab00000,0x00000000fab00000,0x00000000fd580000)
 ParOldGen       total 699392K, used 18200K [0x00000000c0000000, 0x00000000eab00000, 0x00000000eab00000)
  object space 699392K, 2% used [0x00000000c0000000,0x00000000c11c63a0,0x00000000eab00000)
 Metaspace       used 43872K, capacity 44246K, committed 44456K, reserved 1085440K
  class space    used 8350K, capacity 8517K, committed 8616K, reserved 1048576K
Event: 17.568 GC heap after
Heap after GC invocations=5 (full 2):
 PSYoungGen      total 305664K, used 15526K [0x00000000eab00000, 0x0000000100000000, 0x0000000100000000)
  eden space 262144K, 0% used [0x00000000eab00000,0x00000000eab00000,0x00000000fab00000)
  from space 43520K, 35% used [0x00000000fab00000,0x00000000fba29a18,0x00000000fd580000)
  to   space 43520K, 0% used [0x00000000fd580000,0x00000000fd580000,0x0000000100000000)
 ParOldGen       total 699392K, used 18200K [0x00000000c0000000, 0x00000000eab00000, 0x00000000eab00000)
  object space 699392K, 2% used [0x00000000c0000000,0x00000000c11c63a0,0x00000000eab00000)
 Metaspace       used 43872K, capacity 44246K, committed 44456K, reserved 1085440K
  class space    used 8350K, capacity 8517K, committed 8616K, reserved 1048576K
}
Event: 88.596 GC heap before
{Heap before GC invocations=6 (full 2):
 PSYoungGen      total 305664K, used 277670K [0x00000000eab00000, 0x0000000100000000, 0x0000000100000000)
  eden space 262144K, 100% used [0x00000000eab00000,0x00000000fab00000,0x00000000fab00000)
  from space 43520K, 35% used [0x00000000fab00000,0x00000000fba29a18,0x00000000fd580000)
  to   space 43520K, 0% used [0x00000000fd580000,0x00000000fd580000,0x0000000100000000)
 ParOldGen       total 699392K, used 18200K [0x00000000c0000000, 0x00000000eab00000, 0x00000000eab00000)
  object space 699392K, 2% used [0x00000000c0000000,0x00000000c11c63a0,0x00000000eab00000)
 Metaspace       used 54925K, capacity 55430K, committed 55464K, reserved 1093632K
  class space    used 10252K, capacity 10389K, committed 10408K, reserved 1048576K
Event: 88.708 GC heap after
Heap after GC invocations=6 (full 2):
 PSYoungGen      total 305664K, used 29422K [0x00000000eab00000, 0x0000000100000000, 0x0000000100000000)
  eden space 262144K, 0% used [0x00000000eab00000,0x00000000eab00000,0x00000000fab00000)
  from space 43520K, 67% used [0x00000000fd580000,0x00000000ff23b8e0,0x0000000100000000)
  to   space 43520K, 0% used [0x00000000fab00000,0x00000000fab00000,0x00000000fd580000)
 ParOldGen       total 699392K, used 18200K [0x00000000c0000000, 0x00000000eab00000, 0x00000000eab00000)
  object space 699392K, 2% used [0x00000000c0000000,0x00000000c11c63a0,0x00000000eab00000)
 Metaspace       used 54925K, capacity 55430K, committed 55464K, reserved 1093632K
  class space    used 10252K, capacity 10389K, committed 10408K, reserved 1048576K
}
Event: 89.569 GC heap before
{Heap before GC invocations=7 (full 2):
 PSYoungGen      total 305664K, used 76688K [0x00000000eab00000, 0x0000000100000000, 0x0000000100000000)
  eden space 262144K, 18% used [0x00000000eab00000,0x00000000ed928af0,0x00000000fab00000)
  from space 43520K, 67% used [0x00000000fd580000,0x00000000ff23b8e0,0x0000000100000000)
  to   space 43520K, 0% used [0x00000000fab00000,0x00000000fab00000,0x00000000fd580000)
 ParOldGen       total 699392K, used 18200K [0x00000000c0000000, 0x00000000eab00000, 0x00000000eab00000)
  object space 699392K, 2% used [0x00000000c0000000,0x00000000c11c63a0,0x00000000eab00000)
 Metaspace       used 58526K, capacity 59046K, committed 59160K, reserved 1097728K
  class space    used 10847K, capacity 10997K, committed 11048K, reserved 1048576K
Event: 89.691 GC heap after
Heap after GC invocations=7 (full 2):
 PSYoungGen      total 305664K, used 24072K [0x00000000eab00000, 0x0000000100000000, 0x0000000100000000)
  eden space 262144K, 0% used [0x00000000eab00000,0x00000000eab00000,0x00000000fab00000)
  from space 43520K, 55% used [0x00000000fab00000,0x00000000fc2822d8,0x00000000fd580000)
  to   space 29184K, 0% used [0x00000000fe380000,0x00000000fe380000,0x0000000100000000)
 ParOldGen       total 699392K, used 18200K [0x00000000c0000000, 0x00000000eab00000, 0x00000000eab00000)
  object space 699392K, 2% used [0x00000000c0000000,0x00000000c11c63a0,0x00000000eab00000)
 Metaspace       used 58526K, capacity 59046K, committed 59160K, reserved 1097728K
  class space    used 10847K, capacity 10997K, committed 11048K, reserved 1048576K
}
Event: 89.691 GC heap before
{Heap before GC invocations=8 (full 3):
 PSYoungGen      total 305664K, used 24072K [0x00000000eab00000, 0x0000000100000000, 0x0000000100000000)
  eden space 262144K, 0% used [0x00000000eab00000,0x00000000eab00000,0x00000000fab00000)
  from space 43520K, 55% used [0x00000000fab00000,0x00000000fc2822d8,0x00000000fd580000)
  to   space 29184K, 0% used [0x00000000fe380000,0x00000000fe380000,0x0000000100000000)
 ParOldGen       total 699392K, used 18200K [0x00000000c0000000, 0x00000000eab00000, 0x00000000eab00000)
  object space 699392K, 2% used [0x00000000c0000000,0x00000000c11c63a0,0x00000000eab00000)
 Metaspace       used 58526K, capacity 59046K, committed 59160K, reserved 1097728K
  class space    used 10847K, capacity 10997K, committed 11048K, reserved 1048576K
Event: 90.141 GC heap after
Heap after GC invocations=8 (full 3):
 PSYoungGen      total 305664K, used 0K [0x00000000eab00000, 0x0000000100000000, 0x0000000100000000)
  eden space 262144K, 0% used [0x00000000eab00000,0x00000000eab00000,0x00000000fab00000)
  from space 43520K, 0% used [0x00000000fab00000,0x00000000fab00000,0x00000000fd580000)
  to   space 29184K, 0% used [0x00000000fe380000,0x00000000fe380000,0x0000000100000000)
 ParOldGen       total 699392K, used 29122K [0x00000000c0000000, 0x00000000eab00000, 0x00000000eab00000)
  object space 699392K, 4% used [0x00000000c0000000,0x00000000c1c70b90,0x00000000eab00000)
 Metaspace       used 58457K, capacity 58924K, committed 59160K, reserved 1097728K
  class space    used 10834K, capacity 10979K, committed 11048K, reserved 1048576K
}

