# JRE version: Java(TM) SE Runtime Environment (8.0_66-b18) (build 1.8.0_66-b18)
# Java VM: Java HotSpot(TM) 64-Bit Server VM (25.66-b18 mixed mode windows-amd64 compressed oops)
Heap:
 PSYoungGen      total 305664K, used 191786K [0x00000000eab00000, 0x0000000100000000, 0x0000000100000000)
  eden space 262144K, 66% used [0x00000000eab00000,0x00000000f552cf28,0x00000000fab00000)
  from space 43520K, 40% used [0x00000000fab00000,0x00000000fbc1dc50,0x00000000fd580000)
  to   space 43520K, 0% used [0x00000000fd580000,0x00000000fd580000,0x0000000100000000)
 ParOldGen       total 699392K, used 18677K [0x00000000c0000000, 0x00000000eab00000, 0x00000000eab00000)
  object space 699392K, 2% used [0x00000000c0000000,0x00000000c123d698,0x00000000eab00000)
 Metaspace       used 48398K, capacity 48720K, committed 48896K, reserved 1089536K
  class space    used 9277K, capacity 9369K, committed 9472K, reserved 1048576K
GC Heap History (10 events):
Event: 4.236 GC heap before
{Heap before GC invocations=1 (full 0):
 PSYoungGen      total 305664K, used 99639K [0x00000000eab00000, 0x0000000100000000, 0x0000000100000000)
  eden space 262144K, 38% used [0x00000000eab00000,0x00000000f0c4dce0,0x00000000fab00000)
  from space 43520K, 0% used [0x00000000fd580000,0x00000000fd580000,0x0000000100000000)
  to   space 43520K, 0% used [0x00000000fab00000,0x00000000fab00000,0x00000000fd580000)
 ParOldGen       total 699392K, used 0K [0x00000000c0000000, 0x00000000eab00000, 0x00000000eab00000)
  object space 699392K, 0% used [0x00000000c0000000,0x00000000c0000000,0x00000000eab00000)
 Metaspace       used 20853K, capacity 21118K, committed 21296K, reserved 1067008K
  class space    used 3630K, capacity 3686K, committed 3712K, reserved 1048576K
Event: 4.306 GC heap after
Heap after GC invocations=1 (full 0):
 PSYoungGen      total 305664K, used 16151K [0x00000000eab00000, 0x0000000100000000, 0x0000000100000000)
  eden space 262144K, 0% used [0x00000000eab00000,0x00000000eab00000,0x00000000fab00000)
  from space 43520K, 37% used [0x00000000fab00000,0x00000000fbac5e18,0x00000000fd580000)
  to   space 43520K, 0% used [0x00000000fd580000,0x00000000fd580000,0x0000000100000000)
 ParOldGen       total 699392K, used 0K [0x00000000c0000000, 0x00000000eab00000, 0x00000000eab00000)
  object space 699392K, 0% used [0x00000000c0000000,0x00000000c0000000,0x00000000eab00000)
 Metaspace       used 20853K, capacity 21118K, committed 21296K, reserved 1067008K
  class space    used 3630K, capacity 3686K, committed 3712K, reserved 1048576K
}
Event: 4.306 GC heap before
{Heap before GC invocations=2 (full 1):
 PSYoungGen      total 305664K, used 16151K [0x00000000eab00000, 0x0000000100000000, 0x0000000100000000)
  eden space 262144K, 0% used [0x00000000eab00000,0x00000000eab00000,0x00000000fab00000)
  from space 43520K, 37% used [0x00000000fab00000,0x00000000fbac5e18,0x00000000fd580000)
  to   space 43520K, 0% used [0x00000000fd580000,0x00000000fd580000,0x0000000100000000)
 ParOldGen       total 699392K, used 0K [0x00000000c0000000, 0x00000000eab00000, 0x00000000eab00000)
  object space 699392K, 0% used [0x00000000c0000000,0x00000000c0000000,0x00000000eab00000)
 Metaspace       used 20853K, capacity 21118K, committed 21296K, reserved 1067008K
  class space    used 3630K, capacity 3686K, committed 3712K, reserved 1048576K
Event: 4.369 GC heap after
Heap after GC invocations=2 (full 1):
 PSYoungGen      total 305664K, used 0K [0x00000000eab00000, 0x0000000100000000, 0x0000000100000000)
  eden space 262144K, 0% used [0x00000000eab00000,0x00000000eab00000,0x00000000fab00000)
  from space 43520K, 0% used [0x00000000fab00000,0x00000000fab00000,0x00000000fd580000)
  to   space 43520K, 0% used [0x00000000fd580000,0x00000000fd580000,0x0000000100000000)
 ParOldGen       total 699392K, used 15364K [0x00000000c0000000, 0x00000000eab00000, 0x00000000eab00000)
  object space 699392K, 2% used [0x00000000c0000000,0x00000000c0f010a0,0x00000000eab00000)
 Metaspace       used 20853K, capacity 21118K, committed 21296K, reserved 1067008K
  class space    used 3630K, capacity 3686K, committed 3712K, reserved 1048576K
}
Event: 7.082 GC heap before
{Heap before GC invocations=3 (full 1):
 PSYoungGen      total 305664K, used 125830K [0x00000000eab00000, 0x0000000100000000, 0x0000000100000000)
  eden space 262144K, 48% used [0x00000000eab00000,0x00000000f25e1948,0x00000000fab00000)
  from space 43520K, 0% used [0x00000000fab00000,0x00000000fab00000,0x00000000fd580000)
  to   space 43520K, 0% used [0x00000000fd580000,0x00000000fd580000,0x0000000100000000)
 ParOldGen       total 699392K, used 15364K [0x00000000c0000000, 0x00000000eab00000, 0x00000000eab00000)
  object space 699392K, 2% used [0x00000000c0000000,0x00000000c0f010a0,0x00000000eab00000)
 Metaspace       used 35027K, capacity 35306K, committed 35456K, reserved 1079296K
  class space    used 6330K, capacity 6452K, committed 6528K, reserved 1048576K
Event: 7.121 GC heap after
Heap after GC invocations=3 (full 1):
 PSYoungGen      total 305664K, used 15571K [0x00000000eab00000, 0x0000000100000000, 0x0000000100000000)
  eden space 262144K, 0% used [0x00000000eab00000,0x00000000eab00000,0x00000000fab00000)
  from space 43520K, 35% used [0x00000000fd580000,0x00000000fe4b4c28,0x0000000100000000)
  to   space 43520K, 0% used [0x00000000fab00000,0x00000000fab00000,0x00000000fd580000)
 ParOldGen       total 699392K, used 15364K [0x00000000c0000000, 0x00000000eab00000, 0x00000000eab00000)
  object space 699392K, 2% used [0x00000000c0000000,0x00000000c0f010a0,0x00000000eab00000)
 Metaspace       used 35027K, capacity 35306K, committed 35456K, reserved 1079296K
  class space    used 6330K, capacity 6452K, committed 6528K, reserved 1048576K
}
Event: 7.121 GC heap before
{Heap before GC invocations=4 (full 2):
 PSYoungGen      total 305664K, used 15571K [0x00000000eab00000, 0x0000000100000000, 0x0000000100000000)
  eden space 262144K, 0% used [0x00000000eab00000,0x00000000eab00000,0x00000000fab00000)
  from space 43520K, 35% used [0x00000000fd580000,0x00000000fe4b4c28,0x0000000100000000)
  to   space 43520K, 0% used [0x00000000fab00000,0x00000000fab00000,0x00000000fd580000)
 ParOldGen       total 699392K, used 15364K [0x00000000c0000000, 0x00000000eab00000, 0x00000000eab00000)
  object space 699392K, 2% used [0x00000000c0000000,0x00000000c0f010a0,0x00000000eab00000)
 Metaspace       used 35027K, capacity 35306K, committed 35456K, reserved 1079296K
  class space    used 6330K, capacity 6452K, committed 6528K, reserved 1048576K
Event: 7.233 GC heap after
Heap after GC invocations=4 (full 2):
 PSYoungGen      total 305664K, used 0K [0x00000000eab00000, 0x0000000100000000, 0x0000000100000000)
  eden space 262144K, 0% used [0x00000000eab00000,0x00000000eab00000,0x00000000fab00000)
  from space 43520K, 0% used [0x00000000fd580000,0x00000000fd580000,0x0000000100000000)
  to   space 43520K, 0% used [0x00000000fab00000,0x00000000fab00000,0x00000000fd580000)
 ParOldGen       total 699392K, used 18669K [0x00000000c0000000, 0x00000000eab00000, 0x00000000eab00000)
  object space 699392K, 2% used [0x00000000c0000000,0x00000000c123b698,0x00000000eab00000)
 Metaspace       used 35023K, capacity 35294K, committed 35456K, reserved 1079296K
  class space    used 6329K, capacity 6448K, committed 6528K, reserved 1048576K
}
Event: 12.127 GC heap before
{Heap before GC invocations=5 (full 2):
 PSYoungGen      total 305664K, used 262144K [0x00000000eab00000, 0x0000000100000000, 0x0000000100000000)
  eden space 262144K, 100% used [0x00000000eab00000,0x00000000fab00000,0x00000000fab00000)
  from space 43520K, 0% used [0x00000000fd580000,0x00000000fd580000,0x0000000100000000)
  to   space 43520K, 0% used [0x00000000fab00000,0x00000000fab00000,0x00000000fd580000)
 ParOldGen       total 699392K, used 18669K [0x00000000c0000000, 0x00000000eab00000, 0x00000000eab00000)
  object space 699392K, 2% used [0x00000000c0000000,0x00000000c123b698,0x00000000eab00000)
 Metaspace       used 43654K, capacity 43984K, committed 44160K, reserved 1085440K
  class space    used 8419K, capacity 8537K, committed 8576K, reserved 1048576K
Event: 12.184 GC heap after
Heap after GC invocations=5 (full 2):
 PSYoungGen      total 305664K, used 17527K [0x00000000eab00000, 0x0000000100000000, 0x0000000100000000)
  eden space 262144K, 0% used [0x00000000eab00000,0x00000000eab00000,0x00000000fab00000)
  from space 43520K, 40% used [0x00000000fab00000,0x00000000fbc1dc50,0x00000000fd580000)
  to   space 43520K, 0% used [0x00000000fd580000,0x00000000fd580000,0x0000000100000000)
 ParOldGen       total 699392K, used 18677K [0x00000000c0000000, 0x00000000eab00000, 0x00000000eab00000)
  object space 699392K, 2% used [0x00000000c0000000,0x00000000c123d698,0x00000000eab00000)
 Metaspace       used 43654K, capacity 43984K, committed 44160K, reserved 1085440K
  class space    used 8419K, capacity 8537K, committed 8576K, reserved 1048576K
}

