# JRE version: OpenJDK Runtime Environment (8.0_66-b17) (build 1.8.0_66-internal-b17)
# Java VM: OpenJDK 64-Bit Server VM (25.66-b17 mixed mode linux-amd64 compressed oops)
Heap:
 PSYoungGen      total 305664K, used 192856K [0x00000000eab00000, 0x0000000100000000, 0x0000000100000000)
  eden space 262144K, 67% used [0x00000000eab00000,0x00000000f56f3750,0x00000000fab00000)
  from space 43520K, 38% used [0x00000000fab00000,0x00000000fbb62ca8,0x00000000fd580000)
  to   space 43520K, 0% used [0x00000000fd580000,0x00000000fd580000,0x0000000100000000)
 ParOldGen       total 699392K, used 18211K [0x00000000c0000000, 0x00000000eab00000, 0x00000000eab00000)
  object space 699392K, 2% used [0x00000000c0000000,0x00000000c11c8c38,0x00000000eab00000)
 Metaspace       used 53200K, capacity 53590K, committed 53800K, reserved 1093632K
  class space    used 9844K, capacity 9989K, committed 10024K, reserved 1048576K
GC Heap History (10 events):
Event: 3.316 GC heap before
{Heap before GC invocations=1 (full 0):
 PSYoungGen      total 305664K, used 105027K [0x00000000eab00000, 0x0000000100000000, 0x0000000100000000)
  eden space 262144K, 40% used [0x00000000eab00000,0x00000000f1190fa8,0x00000000fab00000)
  from space 43520K, 0% used [0x00000000fd580000,0x00000000fd580000,0x0000000100000000)
  to   space 43520K, 0% used [0x00000000fab00000,0x00000000fab00000,0x00000000fd580000)
 ParOldGen       total 699392K, used 0K [0x00000000c0000000, 0x00000000eab00000, 0x00000000eab00000)
  object space 699392K, 0% used [0x00000000c0000000,0x00000000c0000000,0x00000000eab00000)
 Metaspace       used 20862K, capacity 21190K, committed 21296K, reserved 1067008K
  class space    used 3544K, capacity 3668K, committed 3712K, reserved 1048576K
Event: 3.397 GC heap after
Heap after GC invocations=1 (full 0):
 PSYoungGen      total 305664K, used 15636K [0x00000000eab00000, 0x0000000100000000, 0x0000000100000000)
  eden space 262144K, 0% used [0x00000000eab00000,0x00000000eab00000,0x00000000fab00000)
  from space 43520K, 35% used [0x00000000fab00000,0x00000000fba450c8,0x00000000fd580000)
  to   space 43520K, 0% used [0x00000000fd580000,0x00000000fd580000,0x0000000100000000)
 ParOldGen       total 699392K, used 8K [0x00000000c0000000, 0x00000000eab00000, 0x00000000eab00000)
  object space 699392K, 0% used [0x00000000c0000000,0x00000000c0002000,0x00000000eab00000)
 Metaspace       used 20862K, capacity 21190K, committed 21296K, reserved 1067008K
  class space    used 3544K, capacity 3668K, committed 3712K, reserved 1048576K
}
Event: 3.397 GC heap before
{Heap before GC invocations=2 (full 1):
 PSYoungGen      total 305664K, used 15636K [0x00000000eab00000, 0x0000000100000000, 0x0000000100000000)
  eden space 262144K, 0% used [0x00000000eab00000,0x00000000eab00000,0x00000000fab00000)
  from space 43520K, 35% used [0x00000000fab00000,0x00000000fba450c8,0x00000000fd580000)
  to   space 43520K, 0% used [0x00000000fd580000,0x00000000fd580000,0x0000000100000000)
 ParOldGen       total 699392K, used 8K [0x00000000c0000000, 0x00000000eab00000, 0x00000000eab00000)
  object space 699392K, 0% used [0x00000000c0000000,0x00000000c0002000,0x00000000eab00000)
 Metaspace       used 20862K, capacity 21190K, committed 21296K, reserved 1067008K
  class space    used 3544K, capacity 3668K, committed 3712K, reserved 1048576K
Event: 3.476 GC heap after
Heap after GC invocations=2 (full 1):
 PSYoungGen      total 305664K, used 0K [0x00000000eab00000, 0x0000000100000000, 0x0000000100000000)
  eden space 262144K, 0% used [0x00000000eab00000,0x00000000eab00000,0x00000000fab00000)
  from space 43520K, 0% used [0x00000000fab00000,0x00000000fab00000,0x00000000fd580000)
  to   space 43520K, 0% used [0x00000000fd580000,0x00000000fd580000,0x0000000100000000)
 ParOldGen       total 699392K, used 14860K [0x00000000c0000000, 0x00000000eab00000, 0x00000000eab00000)
  object space 699392K, 2% used [0x00000000c0000000,0x00000000c0e83308,0x00000000eab00000)
 Metaspace       used 20862K, capacity 21190K, committed 21296K, reserved 1067008K
  class space    used 3544K, capacity 3668K, committed 3712K, reserved 1048576K
}
Event: 7.602 GC heap before
{Heap before GC invocations=3 (full 1):
 PSYoungGen      total 305664K, used 115344K [0x00000000eab00000, 0x0000000100000000, 0x0000000100000000)
  eden space 262144K, 44% used [0x00000000eab00000,0x00000000f1ba4158,0x00000000fab00000)
  from space 43520K, 0% used [0x00000000fab00000,0x00000000fab00000,0x00000000fd580000)
  to   space 43520K, 0% used [0x00000000fd580000,0x00000000fd580000,0x0000000100000000)
 ParOldGen       total 699392K, used 14860K [0x00000000c0000000, 0x00000000eab00000, 0x00000000eab00000)
  object space 699392K, 2% used [0x00000000c0000000,0x00000000c0e83308,0x00000000eab00000)
 Metaspace       used 35099K, capacity 35440K, committed 35496K, reserved 1079296K
  class space    used 6201K, capacity 6304K, committed 6312K, reserved 1048576K
Event: 7.687 GC heap after
Heap after GC invocations=3 (full 1):
 PSYoungGen      total 305664K, used 15183K [0x00000000eab00000, 0x0000000100000000, 0x0000000100000000)
  eden space 262144K, 0% used [0x00000000eab00000,0x00000000eab00000,0x00000000fab00000)
  from space 43520K, 34% used [0x00000000fd580000,0x00000000fe453e38,0x0000000100000000)
  to   space 43520K, 0% used [0x00000000fab00000,0x00000000fab00000,0x00000000fd580000)
 ParOldGen       total 699392K, used 14868K [0x00000000c0000000, 0x00000000eab00000, 0x00000000eab00000)
  object space 699392K, 2% used [0x00000000c0000000,0x00000000c0e85308,0x00000000eab00000)
 Metaspace       used 35099K, capacity 35440K, committed 35496K, reserved 1079296K
  class space    used 6201K, capacity 6304K, committed 6312K, reserved 1048576K
}
Event: 7.687 GC heap before
{Heap before GC invocations=4 (full 2):
 PSYoungGen      total 305664K, used 15183K [0x00000000eab00000, 0x0000000100000000, 0x0000000100000000)
  eden space 262144K, 0% used [0x00000000eab00000,0x00000000eab00000,0x00000000fab00000)
  from space 43520K, 34% used [0x00000000fd580000,0x00000000fe453e38,0x0000000100000000)
  to   space 43520K, 0% used [0x00000000fab00000,0x00000000fab00000,0x00000000fd580000)
 ParOldGen       total 699392K, used 14868K [0x00000000c0000000, 0x00000000eab00000, 0x00000000eab00000)
  object space 699392K, 2% used [0x00000000c0000000,0x00000000c0e85308,0x00000000eab00000)
 Metaspace       used 35099K, capacity 35440K, committed 35496K, reserved 1079296K
  class space    used 6201K, capacity 6304K, committed 6312K, reserved 1048576K
Event: 7.863 GC heap after
Heap after GC invocations=4 (full 2):
 PSYoungGen      total 305664K, used 0K [0x00000000eab00000, 0x0000000100000000, 0x0000000100000000)
  eden space 262144K, 0% used [0x00000000eab00000,0x00000000eab00000,0x00000000fab00000)
  from space 43520K, 0% used [0x00000000fd580000,0x00000000fd580000,0x0000000100000000)
  to   space 43520K, 0% used [0x00000000fab00000,0x00000000fab00000,0x00000000fd580000)
 ParOldGen       total 699392K, used 18203K [0x00000000c0000000, 0x00000000eab00000, 0x00000000eab00000)
  object space 699392K, 2% used [0x00000000c0000000,0x00000000c11c6c38,0x00000000eab00000)
 Metaspace       used 35095K, capacity 35428K, committed 35496K, reserved 1079296K
  class space    used 6200K, capacity 6300K, committed 6312K, reserved 1048576K
}
Event: 14.096 GC heap before
{Heap before GC invocations=5 (full 2):
 PSYoungGen      total 305664K, used 262144K [0x00000000eab00000, 0x0000000100000000, 0x0000000100000000)
  eden space 262144K, 100% used [0x00000000eab00000,0x00000000fab00000,0x00000000fab00000)
  from space 43520K, 0% used [0x00000000fd580000,0x00000000fd580000,0x0000000100000000)
  to   space 43520K, 0% used [0x00000000fab00000,0x00000000fab00000,0x00000000fd580000)
 ParOldGen       total 699392K, used 18203K [0x00000000c0000000, 0x00000000eab00000, 0x00000000eab00000)
  object space 699392K, 2% used [0x00000000c0000000,0x00000000c11c6c38,0x00000000eab00000)
 Metaspace       used 43955K, capacity 44374K, committed 44712K, reserved 1085440K
  class space    used 8356K, capacity 8517K, committed 8616K, reserved 1048576K
Event: 14.157 GC heap after
Heap after GC invocations=5 (full 2):
 PSYoungGen      total 305664K, used 16779K [0x00000000eab00000, 0x0000000100000000, 0x0000000100000000)
  eden space 262144K, 0% used [0x00000000eab00000,0x00000000eab00000,0x00000000fab00000)
  from space 43520K, 38% used [0x00000000fab00000,0x00000000fbb62ca8,0x00000000fd580000)
  to   space 43520K, 0% used [0x00000000fd580000,0x00000000fd580000,0x0000000100000000)
 ParOldGen       total 699392K, used 18211K [0x00000000c0000000, 0x00000000eab00000, 0x00000000eab00000)
  object space 699392K, 2% used [0x00000000c0000000,0x00000000c11c8c38,0x00000000eab00000)
 Metaspace       used 43955K, capacity 44374K, committed 44712K, reserved 1085440K
  class space    used 8356K, capacity 8517K, committed 8616K, reserved 1048576K
}

