# JRE version: OpenJDK Runtime Environment (8.0_66-b17) (build 1.8.0_66-internal-b17)
# Java VM: OpenJDK 64-Bit Server VM (25.66-b17 mixed mode linux-amd64 compressed oops)
Heap:
 PSYoungGen      total 256000K, used 44895K [0x00000000eab00000, 0x0000000100000000, 0x0000000100000000)
  eden space 162816K, 9% used [0x00000000eab00000,0x00000000ebacb6d0,0x00000000f4a00000)
  from space 93184K, 30% used [0x00000000f4a00000,0x00000000f660c858,0x00000000fa500000)
  to   space 88064K, 0% used [0x00000000faa00000,0x00000000faa00000,0x0000000100000000)
 ParOldGen       total 699392K, used 153122K [0x00000000c0000000, 0x00000000eab00000, 0x00000000eab00000)
  object space 699392K, 21% used [0x00000000c0000000,0x00000000c9588ba8,0x00000000eab00000)
 Metaspace       used 152995K, capacity 154841K, committed 156784K, reserved 1179648K
  class space    used 24448K, capacity 25041K, committed 26536K, reserved 1048576K
GC Heap History (10 events):
Event: 5012.828 GC heap before
{Heap before GC invocations=28 (full 5):
 PSYoungGen      total 265728K, used 224918K [0x00000000eab00000, 0x0000000100000000, 0x0000000100000000)
  eden space 182272K, 100% used [0x00000000eab00000,0x00000000f5d00000,0x00000000f5d00000)
  from space 83456K, 51% used [0x00000000fae80000,0x00000000fd825978,0x0000000100000000)
  to   space 83456K, 0% used [0x00000000f5d00000,0x00000000f5d00000,0x00000000fae80000)
 ParOldGen       total 699392K, used 89671K [0x00000000c0000000, 0x00000000eab00000, 0x00000000eab00000)
  object space 699392K, 12% used [0x00000000c0000000,0x00000000c5791f40,0x00000000eab00000)
 Metaspace       used 145117K, capacity 146877K, committed 149872K, reserved 1173504K
  class space    used 23345K, capacity 23881K, committed 26536K, reserved 1048576K
Event: 5012.926 GC heap after
Heap after GC invocations=28 (full 5):
 PSYoungGen      total 265728K, used 33522K [0x00000000eab00000, 0x0000000100000000, 0x0000000100000000)
  eden space 182272K, 0% used [0x00000000eab00000,0x00000000eab00000,0x00000000f5d00000)
  from space 83456K, 40% used [0x00000000f5d00000,0x00000000f7dbc860,0x00000000fae80000)
  to   space 79872K, 0% used [0x00000000fb200000,0x00000000fb200000,0x0000000100000000)
 ParOldGen       total 699392K, used 89679K [0x00000000c0000000, 0x00000000eab00000, 0x00000000eab00000)
  object space 699392K, 12% used [0x00000000c0000000,0x00000000c5793f40,0x00000000eab00000)
 Metaspace       used 145117K, capacity 146877K, committed 149872K, reserved 1173504K
  class space    used 23345K, capacity 23881K, committed 26536K, reserved 1048576K
}
Event: 5018.553 GC heap before
{Heap before GC invocations=29 (full 5):
 PSYoungGen      total 265728K, used 215794K [0x00000000eab00000, 0x0000000100000000, 0x0000000100000000)
  eden space 182272K, 100% used [0x00000000eab00000,0x00000000f5d00000,0x00000000f5d00000)
  from space 83456K, 40% used [0x00000000f5d00000,0x00000000f7dbc860,0x00000000fae80000)
  to   space 79872K, 0% used [0x00000000fb200000,0x00000000fb200000,0x0000000100000000)
 ParOldGen       total 699392K, used 89679K [0x00000000c0000000, 0x00000000eab00000, 0x00000000eab00000)
  object space 699392K, 12% used [0x00000000c0000000,0x00000000c5793f40,0x00000000eab00000)
 Metaspace       used 145589K, capacity 147325K, committed 150384K, reserved 1173504K
  class space    used 23368K, capacity 23881K, committed 26536K, reserved 1048576K
Event: 5018.751 GC heap after
Heap after GC invocations=29 (full 5):
 PSYoungGen      total 249856K, used 69231K [0x00000000eab00000, 0x0000000100000000, 0x0000000100000000)
  eden space 169984K, 0% used [0x00000000eab00000,0x00000000eab00000,0x00000000f5100000)
  from space 79872K, 86% used [0x00000000fb200000,0x00000000ff59bc98,0x0000000100000000)
  to   space 89600K, 0% used [0x00000000f5100000,0x00000000f5100000,0x00000000fa880000)
 ParOldGen       total 699392K, used 89679K [0x00000000c0000000, 0x00000000eab00000, 0x00000000eab00000)
  object space 699392K, 12% used [0x00000000c0000000,0x00000000c5793f40,0x00000000eab00000)
 Metaspace       used 145589K, capacity 147325K, committed 150384K, reserved 1173504K
  class space    used 23368K, capacity 23881K, committed 26536K, reserved 1048576K
}
Event: 5036.366 GC heap before
{Heap before GC invocations=30 (full 5):
 PSYoungGen      total 249856K, used 239208K [0x00000000eab00000, 0x0000000100000000, 0x0000000100000000)
  eden space 169984K, 99% used [0x00000000eab00000,0x00000000f50fe398,0x00000000f5100000)
  from space 79872K, 86% used [0x00000000fb200000,0x00000000ff59bc98,0x0000000100000000)
  to   space 89600K, 0% used [0x00000000f5100000,0x00000000f5100000,0x00000000fa880000)
 ParOldGen       total 699392K, used 89679K [0x00000000c0000000, 0x00000000eab00000, 0x00000000eab00000)
  object space 699392K, 12% used [0x00000000c0000000,0x00000000c5793f40,0x00000000eab00000)
 Metaspace       used 145922K, capacity 147665K, committed 150640K, reserved 1173504K
  class space    used 23500K, capacity 24013K, committed 26536K, reserved 1048576K
Event: 5036.427 GC heap after
Heap after GC invocations=30 (full 5):
 PSYoungGen      total 259584K, used 7751K [0x00000000eab00000, 0x0000000100000000, 0x0000000100000000)
  eden space 169984K, 0% used [0x00000000eab00000,0x00000000eab00000,0x00000000f5100000)
  from space 89600K, 8% used [0x00000000f5100000,0x00000000f5891fb0,0x00000000fa880000)
  to   space 88064K, 0% used [0x00000000faa00000,0x00000000faa00000,0x0000000100000000)
 ParOldGen       total 699392K, used 92315K [0x00000000c0000000, 0x00000000eab00000, 0x00000000eab00000)
  object space 699392K, 13% used [0x00000000c0000000,0x00000000c5a26c60,0x00000000eab00000)
 Metaspace       used 145922K, capacity 147665K, committed 150640K, reserved 1173504K
  class space    used 23500K, capacity 24013K, committed 26536K, reserved 1048576K
}
Event: 5040.245 GC heap before
{Heap before GC invocations=31 (full 5):
 PSYoungGen      total 259584K, used 177735K [0x00000000eab00000, 0x0000000100000000, 0x0000000100000000)
  eden space 169984K, 100% used [0x00000000eab00000,0x00000000f5100000,0x00000000f5100000)
  from space 89600K, 8% used [0x00000000f5100000,0x00000000f5891fb0,0x00000000fa880000)
  to   space 88064K, 0% used [0x00000000faa00000,0x00000000faa00000,0x0000000100000000)
 ParOldGen       total 699392K, used 92315K [0x00000000c0000000, 0x00000000eab00000, 0x00000000eab00000)
  object space 699392K, 13% used [0x00000000c0000000,0x00000000c5a26c60,0x00000000eab00000)
 Metaspace       used 147891K, capacity 149687K, committed 152176K, reserved 1175552K
  class space    used 23816K, capacity 24367K, committed 26536K, reserved 1048576K
Event: 5040.506 GC heap after
Heap after GC invocations=31 (full 5):
 PSYoungGen      total 250880K, used 58922K [0x00000000eab00000, 0x0000000100000000, 0x0000000100000000)
  eden space 162816K, 0% used [0x00000000eab00000,0x00000000eab00000,0x00000000f4a00000)
  from space 88064K, 66% used [0x00000000faa00000,0x00000000fe38ab08,0x0000000100000000)
  to   space 93184K, 0% used [0x00000000f4a00000,0x00000000f4a00000,0x00000000fa500000)
 ParOldGen       total 699392K, used 99439K [0x00000000c0000000, 0x00000000eab00000, 0x00000000eab00000)
  object space 699392K, 14% used [0x00000000c0000000,0x00000000c611bcd8,0x00000000eab00000)
 Metaspace       used 147891K, capacity 149687K, committed 152176K, reserved 1175552K
  class space    used 23816K, capacity 24367K, committed 26536K, reserved 1048576K
}
Event: 5047.104 GC heap before
{Heap before GC invocations=32 (full 5):
 PSYoungGen      total 250880K, used 221738K [0x00000000eab00000, 0x0000000100000000, 0x0000000100000000)
  eden space 162816K, 100% used [0x00000000eab00000,0x00000000f4a00000,0x00000000f4a00000)
  from space 88064K, 66% used [0x00000000faa00000,0x00000000fe38ab08,0x0000000100000000)
  to   space 93184K, 0% used [0x00000000f4a00000,0x00000000f4a00000,0x00000000fa500000)
 ParOldGen       total 699392K, used 99439K [0x00000000c0000000, 0x00000000eab00000, 0x00000000eab00000)
  object space 699392K, 14% used [0x00000000c0000000,0x00000000c611bcd8,0x00000000eab00000)
 Metaspace       used 152636K, capacity 154457K, committed 156528K, reserved 1179648K
  class space    used 24407K, capacity 24977K, committed 26536K, reserved 1048576K
Event: 5047.360 GC heap after
Heap after GC invocations=32 (full 5):
 PSYoungGen      total 256000K, used 28722K [0x00000000eab00000, 0x0000000100000000, 0x0000000100000000)
  eden space 162816K, 0% used [0x00000000eab00000,0x00000000eab00000,0x00000000f4a00000)
  from space 93184K, 30% used [0x00000000f4a00000,0x00000000f660c858,0x00000000fa500000)
  to   space 88064K, 0% used [0x00000000faa00000,0x00000000faa00000,0x0000000100000000)
 ParOldGen       total 699392K, used 153122K [0x00000000c0000000, 0x00000000eab00000, 0x00000000eab00000)
  object space 699392K, 21% used [0x00000000c0000000,0x00000000c9588ba8,0x00000000eab00000)
 Metaspace       used 152636K, capacity 154457K, committed 156528K, reserved 1179648K
  class space    used 24407K, capacity 24977K, committed 26536K, reserved 1048576K
}

