# JRE version: Java(TM) SE Runtime Environment (8.0_66-b18) (build 1.8.0_66-b18)
# Java VM: Java HotSpot(TM) 64-Bit Server VM (25.66-b18 mixed mode windows-amd64 compressed oops)
Heap:
 PSYoungGen      total 25600K, used 11746K [0x00000000eab00000, 0x00000000ecb80000, 0x0000000100000000)
  eden space 17920K, 57% used [0x00000000eab00000,0x00000000eb50aef0,0x00000000ebc80000)
  from space 7680K, 19% used [0x00000000ec400000,0x00000000ec56dbd0,0x00000000ecb80000)
  to   space 7680K, 0% used [0x00000000ebc80000,0x00000000ebc80000,0x00000000ec400000)
 ParOldGen       total 28672K, used 17072K [0x00000000c0000000, 0x00000000c1c00000, 0x00000000eab00000)
  object space 28672K, 59% used [0x00000000c0000000,0x00000000c10ac228,0x00000000c1c00000)
 Metaspace       used 8853K, capacity 9246K, committed 9600K, reserved 1058816K
  class space    used 1015K, capacity 1042K, committed 1152K, reserved 1048576K
GC Heap History (10 events):
Event: 1.841 GC heap before
{Heap before GC invocations=11 (full 1):
 PSYoungGen      total 12800K, used 12674K [0x00000000eab00000, 0x00000000ec300000, 0x0000000100000000)
  eden space 10240K, 100% used [0x00000000eab00000,0x00000000eb500000,0x00000000eb500000)
  from space 2560K, 95% used [0x00000000eb500000,0x00000000eb760828,0x00000000eb780000)
  to   space 4096K, 0% used [0x00000000ebf00000,0x00000000ebf00000,0x00000000ec300000)
 ParOldGen       total 9216K, used 4503K [0x00000000c0000000, 0x00000000c0900000, 0x00000000eab00000)
  object space 9216K, 48% used [0x00000000c0000000,0x00000000c0465e10,0x00000000c0900000)
 Metaspace       used 7525K, capacity 8308K, committed 8448K, reserved 1056768K
  class space    used 892K, capacity 944K, committed 1024K, reserved 1048576K
Event: 1.907 GC heap after
Heap after GC invocations=11 (full 1):
 PSYoungGen      total 18432K, used 4080K [0x00000000eab00000, 0x00000000ec600000, 0x0000000100000000)
  eden space 14336K, 0% used [0x00000000eab00000,0x00000000eab00000,0x00000000eb900000)
  from space 4096K, 99% used [0x00000000ebf00000,0x00000000ec2fc228,0x00000000ec300000)
  to   space 6144K, 0% used [0x00000000eb900000,0x00000000eb900000,0x00000000ebf00000)
 ParOldGen       total 9216K, used 7507K [0x00000000c0000000, 0x00000000c0900000, 0x00000000eab00000)
  object space 9216K, 81% used [0x00000000c0000000,0x00000000c0754e90,0x00000000c0900000)
 Metaspace       used 7525K, capacity 8308K, committed 8448K, reserved 1056768K
  class space    used 892K, capacity 944K, committed 1024K, reserved 1048576K
}
Event: 1.907 GC heap before
{Heap before GC invocations=12 (full 2):
 PSYoungGen      total 18432K, used 4080K [0x00000000eab00000, 0x00000000ec600000, 0x0000000100000000)
  eden space 14336K, 0% used [0x00000000eab00000,0x00000000eab00000,0x00000000eb900000)
  from space 4096K, 99% used [0x00000000ebf00000,0x00000000ec2fc228,0x00000000ec300000)
  to   space 6144K, 0% used [0x00000000eb900000,0x00000000eb900000,0x00000000ebf00000)
 ParOldGen       total 9216K, used 7507K [0x00000000c0000000, 0x00000000c0900000, 0x00000000eab00000)
  object space 9216K, 81% used [0x00000000c0000000,0x00000000c0754e90,0x00000000c0900000)
 Metaspace       used 7525K, capacity 8308K, committed 8448K, reserved 1056768K
  class space    used 892K, capacity 944K, committed 1024K, reserved 1048576K
Event: 2.063 GC heap after
Heap after GC invocations=12 (full 2):
 PSYoungGen      total 18432K, used 495K [0x00000000eab00000, 0x00000000ec600000, 0x0000000100000000)
  eden space 14336K, 0% used [0x00000000eab00000,0x00000000eab00000,0x00000000eb900000)
  from space 4096K, 12% used [0x00000000ebf00000,0x00000000ebf7bf10,0x00000000ec300000)
  to   space 6144K, 0% used [0x00000000eb900000,0x00000000eb900000,0x00000000ebf00000)
 ParOldGen       total 16384K, used 8867K [0x00000000c0000000, 0x00000000c1000000, 0x00000000eab00000)
  object space 16384K, 54% used [0x00000000c0000000,0x00000000c08a8e08,0x00000000c1000000)
 Metaspace       used 7525K, capacity 8308K, committed 8448K, reserved 1056768K
  class space    used 892K, capacity 944K, committed 1024K, reserved 1048576K
}
Event: 2.226 GC heap before
{Heap before GC invocations=13 (full 2):
 PSYoungGen      total 18432K, used 14831K [0x00000000eab00000, 0x00000000ec600000, 0x0000000100000000)
  eden space 14336K, 100% used [0x00000000eab00000,0x00000000eb900000,0x00000000eb900000)
  from space 4096K, 12% used [0x00000000ebf00000,0x00000000ebf7bf10,0x00000000ec300000)
  to   space 6144K, 0% used [0x00000000eb900000,0x00000000eb900000,0x00000000ebf00000)
 ParOldGen       total 16384K, used 8867K [0x00000000c0000000, 0x00000000c1000000, 0x00000000eab00000)
  object space 16384K, 54% used [0x00000000c0000000,0x00000000c08a8e08,0x00000000c1000000)
 Metaspace       used 7540K, capacity 8308K, committed 8448K, reserved 1056768K
  class space    used 892K, capacity 944K, committed 1024K, reserved 1048576K
Event: 2.273 GC heap after
Heap after GC invocations=13 (full 2):
 PSYoungGen      total 20480K, used 6120K [0x00000000eab00000, 0x00000000ecc00000, 0x0000000100000000)
  eden space 14336K, 0% used [0x00000000eab00000,0x00000000eab00000,0x00000000eb900000)
  from space 6144K, 99% used [0x00000000eb900000,0x00000000ebefa3e0,0x00000000ebf00000)
  to   space 8192K, 0% used [0x00000000ec400000,0x00000000ec400000,0x00000000ecc00000)
 ParOldGen       total 16384K, used 11154K [0x00000000c0000000, 0x00000000c1000000, 0x00000000eab00000)
  object space 16384K, 68% used [0x00000000c0000000,0x00000000c0ae4970,0x00000000c1000000)
 Metaspace       used 7540K, capacity 8308K, committed 8448K, reserved 1056768K
  class space    used 892K, capacity 944K, committed 1024K, reserved 1048576K
}
Event: 2.444 GC heap before
{Heap before GC invocations=14 (full 2):
 PSYoungGen      total 20480K, used 20456K [0x00000000eab00000, 0x00000000ecc00000, 0x0000000100000000)
  eden space 14336K, 100% used [0x00000000eab00000,0x00000000eb900000,0x00000000eb900000)
  from space 6144K, 99% used [0x00000000eb900000,0x00000000ebefa3e0,0x00000000ebf00000)
  to   space 8192K, 0% used [0x00000000ec400000,0x00000000ec400000,0x00000000ecc00000)
 ParOldGen       total 16384K, used 11154K [0x00000000c0000000, 0x00000000c1000000, 0x00000000eab00000)
  object space 16384K, 68% used [0x00000000c0000000,0x00000000c0ae4970,0x00000000c1000000)
 Metaspace       used 7751K, capacity 8436K, committed 8704K, reserved 1056768K
  class space    used 905K, capacity 944K, committed 1024K, reserved 1048576K
Event: 2.515 GC heap after
Heap after GC invocations=14 (full 2):
 PSYoungGen      total 25600K, used 1527K [0x00000000eab00000, 0x00000000ecb80000, 0x0000000100000000)
  eden space 17920K, 0% used [0x00000000eab00000,0x00000000eab00000,0x00000000ebc80000)
  from space 7680K, 19% used [0x00000000ec400000,0x00000000ec57df60,0x00000000ecb80000)
  to   space 7680K, 0% used [0x00000000ebc80000,0x00000000ebc80000,0x00000000ec400000)
 ParOldGen       total 17408K, used 17243K [0x00000000c0000000, 0x00000000c1100000, 0x00000000eab00000)
  object space 17408K, 99% used [0x00000000c0000000,0x00000000c10d6dd0,0x00000000c1100000)
 Metaspace       used 7751K, capacity 8436K, committed 8704K, reserved 1056768K
  class space    used 905K, capacity 944K, committed 1024K, reserved 1048576K
}
Event: 2.515 GC heap before
{Heap before GC invocations=15 (full 3):
 PSYoungGen      total 25600K, used 1527K [0x00000000eab00000, 0x00000000ecb80000, 0x0000000100000000)
  eden space 17920K, 0% used [0x00000000eab00000,0x00000000eab00000,0x00000000ebc80000)
  from space 7680K, 19% used [0x00000000ec400000,0x00000000ec57df60,0x00000000ecb80000)
  to   space 7680K, 0% used [0x00000000ebc80000,0x00000000ebc80000,0x00000000ec400000)
 ParOldGen       total 17408K, used 17243K [0x00000000c0000000, 0x00000000c1100000, 0x00000000eab00000)
  object space 17408K, 99% used [0x00000000c0000000,0x00000000c10d6dd0,0x00000000c1100000)
 Metaspace       used 7751K, capacity 8436K, committed 8704K, reserved 1056768K
  class space    used 905K, capacity 944K, committed 1024K, reserved 1048576K
Event: 2.733 GC heap after
Heap after GC invocations=15 (full 3):
 PSYoungGen      total 25600K, used 1462K [0x00000000eab00000, 0x00000000ecb80000, 0x0000000100000000)
  eden space 17920K, 0% used [0x00000000eab00000,0x00000000eab00000,0x00000000ebc80000)
  from space 7680K, 19% used [0x00000000ec400000,0x00000000ec56dbd0,0x00000000ecb80000)
  to   space 7680K, 0% used [0x00000000ebc80000,0x00000000ebc80000,0x00000000ec400000)
 ParOldGen       total 28672K, used 17072K [0x00000000c0000000, 0x00000000c1c00000, 0x00000000eab00000)
  object space 28672K, 59% used [0x00000000c0000000,0x00000000c10ac228,0x00000000c1c00000)
 Metaspace       used 7751K, capacity 8436K, committed 8704K, reserved 1056768K
  class space    used 905K, capacity 944K, committed 1024K, reserved 1048576K
}

